bfede22c    S
bfede228    S
bfede224    S
bfede220    S
bfede21c    S
bfede218    S
bfede218    L
bfede218    L
bfede208    S
b7f90ff4    L
b7f91318    S
b7f91320    S
b7f90f28    L
b7f91370    S
b7f90f30    L
b7f91348    S
b7f90f38    L
b7f9134c    S
b7f90f40    L
b7f91350    S
b7f90f48    L
b7f91360    S
b7f90f50    L
b7f91364    S
b7f90f58    L
b7f91344    S
b7f90f60    L
b7f91340    S
b7f90f68    L
b7f91388    S
b7f90f70    L
b7f91394    S
b7f90f78    L
b7f9137c    S
b7f90f80    L
b7f91380    S
b7f90f88    L
b7f91384    S
b7f90f90    L
b7f913cc    S
b7f90f98    L
b7f913c8    S
b7f90fa0    L
b7f913fc    S
b7f90fa8    L
b7f913d4    S
b7f90fb0    L
b7f91318    L
b7f91348    L
b7f90f34    L
b7f90f34    S
b7f91344    L
b7f90f5c    L
b7f90f5c    S
b7f9134c    L
b7f90f3c    L
b7f90f3c    S
b7f91350    L
b7f90f44    L
b7f90f44    S
b7f9137c    L
b7f90f7c    L
b7f90f7c    S
b7f91394    L
b7f90f74    L
b7f90f74    S
b7f913fc    L
b7f90fa4    L
b7f90fa4    S
b7f91388    L
b7f90f6c    L
b7f9137c    L
b7f91384    L
b7f90f8c    L
b7f913d0    L
b7f913b0    L
b7f913ac    L
b7f91374    L
b7f91318    L
b7f9137c    L
b7f90f7c    L
b7f91380    L
b7f90f84    L
bfede214    S
bfede218    S
b7f91388    L
b7f91394    L
bfede218    L
b7f90f74    L
b7f91340    L
b7f90f64    L
bfede214    L
bfede214    S
bfede214    L
bfede218    S
b7f91350    L
b7f913d4    L
b7f90f44    L
bfede20c    S
bfede214    L
b7f90fac    L
b7f76734    L
b7f76730    L
b7f90e68    L
b7f90e68    S
b7f7673c    L
b7f76738    L
b7f90e74    L
b7f90e74    S
b7f76744    L
b7f76740    L
b7f90e78    L
b7f90e78    S
b7f7674c    L
b7f76748    L
b7f90e7c    L
b7f90e7c    S
b7f76754    L
b7f76750    L
b7f90e80    L
b7f90e80    S
b7f7675c    L
b7f76758    L
b7f90e84    L
b7f90e84    S
b7f76764    L
b7f76760    L
b7f90e88    L
b7f90e88    S
b7f7676c    L
b7f76768    L
b7f90e8c    L
b7f90e8c    S
b7f76774    L
b7f76770    L
b7f90e90    L
b7f90e90    S
b7f7677c    L
b7f76778    L
b7f90fd8    L
b7f90fd8    S
b7f76784    L
b7f76780    L
b7f9160c    L
b7f9160c    S
b7f913fc    L
bfede218    L
b7f7678c    L
b7f76788    L
bfede210    S
bfede20c    L
b7f76466    L
b7f7645c    L
b7f91318    L
bfede210    L
b7f90fdc    S
bfede218    L
b7f76794    L
b7f76790    L
bfede210    S
bfede20c    L
b7f76306    L
b7f762fc    L
b7f91318    L
bfede210    L
b7f91000    S
bfede218    L
b7f7679c    L
b7f76798    L
bfede210    S
bfede20c    L
b7f76316    L
b7f7630c    L
b7f91318    L
bfede210    L
b7f91004    S
bfede218    L
b7f767a4    L
b7f767a0    L
bfede210    S
bfede20c    L
b7f76386    L
b7f7637c    L
b7f91318    L
bfede210    L
b7f91008    S
bfede218    L
b7f767ac    L
b7f767a8    L
bfede210    S
bfede20c    L
b7f763f6    L
b7f763ec    L
b7f91318    L
bfede210    L
b7f9100c    S
bfede218    L
b7f767b4    L
b7f767b0    L
bfede210    S
bfede20c    L
b7f76486    L
b7f7647c    L
b7f91318    L
bfede210    L
b7f91010    S
bfede218    L
b7f91494    L
b7f91494    S
bfede1f4    S
bfede1f0    S
b7f91348    L
b7f90f34    L
b7f760f4    L
b7f91488    S
b7f91484    S
b7f9148c    S
bfede1f0    L
bfede1f4    L
b7f9132c    S
b7f914b4    S
b7f914b8    S
b7f914bc    S
bfede1fc    S
bfede208    L
b7f90f20    S
bfede1f8    S
bfede1f4    S
bfede1f0    S
bfede1ec    S
bfede1e8    S
bfede1e4    S
bfede1e0    S
bfede1e0    L
bfede1e0    L
bfede1f8    L
b7f90f20    S
bfede230    L
b7f90cc0    S
b7f90ef0    S
b7f916a8    S
bfede248    L
bfede24c    L
bfede250    L
bfede254    L
bfede258    L
bfede25c    L
bfede260    L
bfede264    L
bfede268    L
bfede26c    L
bfede270    L
bfede274    L
bfede278    L
bfede27c    L
bfede280    L
bfede284    L
bfede288    L
bfede28c    L
bfede290    L
bfede294    L
bfede298    L
bfede29c    L
bfede2a0    L
bfede2a4    L
bfede2a8    L
bfede2ac    L
bfede2b0    L
bfede2b4    L
bfede2b8    L
bfede2bc    L
bfede2c0    L
bfede2c4    L
bfede2c8    L
bfede2cc    L
bfede2d0    L
bfede2d4    L
bfede2d8    L
bfede2dc    L
bfede2e0    L
bfede2e4    L
bfede2e8    L
bfede2ec    L
bfede2f0    L
bfede2f4    L
bfede2f8    L
bfede2fc    L
bfede300    L
bfede304    L
bfede308    L
bfede30c    L
bfede310    L
bfede314    L
bfede318    L
bfede31c    L
bfede320    L
bfede324    L
bfede328    L
bfede32c    L
bfede330    L
bfede334    L
bfede338    L
bfede33c    L
bfede340    L
bfede344    L
bfede348    L
bfede34c    L
bfede350    L
bfede354    L
bfede358    L
bfede35c    L
bfede360    L
bfede364    L
bfede368    L
bfede36c    L
bfede370    L
bfede374    L
bfede378    L
bfede37c    L
bfede380    L
bfede384    L
bfede388    L
bfede38c    L
bfede390    L
b7f90f24    S
bfede1e0    S
b7f90cec    S
bfede394    L
b7f8b874    L
bfede39c    L
bfede398    L
b7f8b878    L
bfede3a0    L
b7f90e6c    S
bfede3a4    L
b7f8b834    L
bfede3a8    L
b7f90d28    S
b7f90d24    S
bfede3ac    L
b7f8b80c    L
bfede3b0    L
b7f90ce4    S
bfede3b4    L
b7f8b838    L
bfede3b8    L
b7f90cfc    S
bfede3bc    L
b7f8b800    L
bfede3c4    L
bfede3c0    L
b7f8b804    L
bfede3cc    L
b7f8b808    L
bfede3d4    L
bfede3d0    L
b7f8b810    L
bfede3dc    L
b7f8b814    L
bfede3e4    L
b7f8b818    L
bfede3e8    L
bfede1e0    S
bfede3ec    L
b7f8b820    L
bfede3f4    L
b7f8b824    L
bfede3fc    L
b7f8b828    L
bfede404    L
b7f8b82c    L
bfede40c    L
b7f8b850    L
bfede410    L
b7f90f1c    S
bfede414    L
b7f8b830    L
bfede418    L
b7f90cec    S
bfede41c    L
b7f90e6c    L
b7f90e68    S
bfede1d4    S
bfede1d0    S
bfede1cc    S
bfede1d4    L
bfede1c8    S
bfede1c4    S
bfede1c4    L
bfede1c4    L
b7f91694    S
bfede1c8    L
bfede1cc    L
bfede1d0    L
b7f90cec    L
bfede42b    L
bfede1d4    S
bfede1d0    S
bfede1d4    L
bfede42b    L
bfede42c    L
bfede1d4    L
bfede1d0    L
b7f90cf0    S
bfede1d4    S
bfede1d0    S
bfede1cc    S
bfede1c0    S
bfede1b8    S
bfede1b8    L
bfede1b8    L
bfede1c8    S
bfede1d4    L
bfede1c4    S
b7f91694    L
b7f91684    L
b7f91694    L
bfede1c0    L
bfede1c4    L
bfede1c8    L
bfede1cc    L
bfede1d0    L
b7f90f1c    L
bfede1dc    S
bfede1d8    S
bfede1d4    S
bfede1fc    L
bfede1d0    S
bfede1cc    S
bfede1c8    S
bfede1c4    S
bfede1c0    S
bfede1bc    S
bfede1bc    L
bfede1bc    L
b7f91314    S
b7f91608    S
b7f915d4    S
b7f915d8    S
b7f915e0    S
bfedde78    S
bfedde74    S
bfedde70    S
bfedde6c    S
bfedde68    S
bfedde64    S
bfedde64    L
bfedde64    L
bfedde4c    S
b7f90f1c    L
b7f916a8    L
bfedde64    S
b7f90e58    S
bfedde50    S
bfedde54    S
bfeddde4    S
bfeddde4    L
bfedddc8    S
bfedddc4    S
bfedddc0    S
bfedde64    L
bfede248    L
bfededaf    L
bfededb0    L
bfede24c    L
bfededc8    L
bfede250    L
bfedee3f    L
bfede254    L
bfedee71    L
bfede258    L
bfedee8e    L
bfede25c    L
bfedeebd    L
bfede260    L
bfedeecf    L
bfede264    L
bfedeeee    L
bfede268    L
bfedef31    L
bfede26c    L
bfedef58    L
bfede270    L
bfedef7f    L
bfede274    L
bfedef93    L
bfede278    L
bfedef9e    L
bfede27c    L
bfedefab    L
bfede280    L
bfedefb9    L
bfede284    L
bfedefca    L
bfede288    L
bfedefed    L
bfede28c    L
bfedf009    L
bfede290    L
bfedf01a    L
bfede294    L
bfedf05f    L
bfede298    L
bfedf068    L
bfede29c    L
bfedf07b    L
bfede2a0    L
bfedf08e    L
bfede2a4    L
bfedf09c    L
bfede2a8    L
bfedf0ad    L
bfedf0ae    L
bfede2ac    L
bfedf37d    L
bfedf37e    L
bfedf37f    L
bfedde64    S
bfedddc0    L
bfedddc4    L
bfedddc8    L
bfeddde0    S
bfedf380    L
bfeddde0    L
bfedf381    L
bfeddde0    L
bfedf382    L
bfeddde0    L
bfedf383    L
bfeddde0    L
bfedf384    L
bfeddde0    L
bfedf385    L
bfeddde0    L
bfedf386    L
bfeddde0    L
bfedf387    L
bfeddde0    L
bfedf388    L
bfeddde0    L
bfedf389    L
bfeddde0    L
bfedf38a    L
bfeddde0    L
bfedf38b    L
bfeddde0    L
bfedf38c    L
b7f8b0f8    L
bfeddde0    L
bfedf380    L
bfedf384    L
bfedf388    L
bfedf38c    L
bfeddde0    L
b7f90ee0    S
bfeddde4    L
bfedddc8    S
bfedddc4    S
bfedddc0    S
bfedde64    L
bfede2b0    L
bfedf3d7    L
bfede2b4    L
bfedf3f7    L
bfede2b8    L
bfedf40c    L
bfede2bc    L
bfedf41a    L
bfede2c0    L
bfedf445    L
bfede2c4    L
bfedf452    L
bfede2c8    L
bfedf45d    L
bfede2cc    L
bfedf46b    L
bfede2d0    L
bfedf4ad    L
bfede2d4    L
bfedf4bb    L
bfede2d8    L
bfedf8f4    L
bfede2dc    L
bfedf90c    L
bfede2e0    L
bfedf920    L
bfede2e4    L
bfedf929    L
bfede2e8    L
bfedf96b    L
bfede2ec    L
bfedf980    L
bfede2f0    L
bfedf9b0    L
bfede2f4    L
bfedf9c5    L
bfedf9c6    L
bfede2f8    L
bfedf9d0    L
bfede2fc    L
bfedf9ef    L
bfede300    L
bfedfa06    L
bfede304    L
bfedfa23    L
bfede308    L
bfedfa58    L
bfede30c    L
bfedfa9c    L
bfede310    L
bfedfab3    L
bfede314    L
bfedfabb    L
bfede318    L
bfedfac8    L
bfedfac9    L
bfede31c    L
bfedfae6    L
bfede320    L
bfedfb01    L
bfedfb02    L
bfede324    L
bfedfb20    L
bfede328    L
bfedfb41    L
bfede32c    L
bfedfb66    L
bfede330    L
bfedfbae    L
bfede334    L
bfedfbc8    L
bfedfbc9    L
bfede338    L
bfedfbd9    L
bfede33c    L
bfedfbf2    L
bfedfbf3    L
bfede340    L
bfedfbfd    L
bfede344    L
bfedfc32    L
bfede348    L
bfedfc98    L
bfede34c    L
bfedfccb    L
bfede350    L
bfedfcd7    L
bfede354    L
bfedfce6    L
bfede358    L
bfedfd1c    L
bfede35c    L
bfedfd46    L
bfede360    L
bfedfdaa    L
bfedfdab    L
bfede364    L
bfedfdc2    L
bfede368    L
bfedfe93    L
bfede36c    L
bfedfedc    L
bfede370    L
bfedfef3    L
bfede374    L
bfedff1c    L
bfede378    L
bfedff3a    L
bfede37c    L
bfedff7e    L
bfedff7f    L
bfede380    L
bfedff9b    L
bfede384    L
bfedffb0    L
bfede388    L
bfedffbc    L
bfede38c    L
bfedffe9    L
bfede390    L
bfedddc0    L
bfedddc4    L
bfedddc8    L
bfeddde0    S
bfedde50    L
bfedde4c    L
bfede1b8    S
b7f90f1c    L
b7f90eec    L
bfedde68    L
bfedde6c    L
bfedde70    L
bfedde74    L
bfedde78    L
bfede1dc    L
bfede1e0    L
bfedde84    S
bfedde80    S
bfedde7c    S
bfedde78    S
bfedde74    S
bfedde70    S
bfedde6c    S
bfedde68    S
bfedde64    S
bfedde64    L
bfedde64    L
bfedde34    S
bfedde48    S
bfedde44    S
bfedde40    S
bfedde30    S
bfedde34    L
b7f8dc53    L
bfedde34    L
bfedde30    L
bfedde50    S
b7f90e98    L
bfedde58    S
bfedde80    L
bfedde58    S
bfedde50    L
bfedde38    S
bfedde34    S
bfedde30    S
b7f91008    L
bfedde2c    S
bfedde28    S
bfedde24    S
bfedde24    L
bfedde24    L
bfedde38    L
bfedde34    L
bfedde24    S
bfedde20    S
b7f91004    L
bfedde1c    S
bfedde18    S
bfedde14    S
bfedde14    L
bfedde14    L
bfedde24    L
bfedde10    S
bfedde14    S
bfedde0c    S
b7f91000    L
bfedde08    S
bfedddfc    S
bfedde10    L
bfeddde0    S
bfeddde0    L
bfeddde0    L
bfedde00    S
bfedde04    S
bfedde14    L
b7f9168c    L
b7f90ce4    L
b7f91688    S
b7f9168c    S
b7f91688    L
b7f91688    S
b7f9168c    L
b7f91688    L
bfedde00    L
bfedde04    L
b7f91690    S
b7f91688    S
bfedddfc    L
bfedde08    L
bfedde0c    L
bfedde18    L
bfedde1c    L
bfedde20    L
bfedde28    L
bfedde2c    L
bfedde30    L
bfedde54    S
bfedde4c    S
bfedde54    S
b7f916dc    S
b7f916e4    S
bfedde50    L
bfedde44    L
bfedde34    S
bfedde3c    S
bfedde38    S
bfedde30    S
bfedde2c    S
bfedde28    S
bfedde34    L
bfedde38    L
bfedde3c    L
b7f8dc53    L
b7f91990    S
bfedde28    L
bfedde2c    L
bfedde30    L
b7f9198c    S
b7f91984    S
bfedde54    L
bfedde48    L
b7f91844    L
b7f916cc    S
bfedde40    L
b7f91844    S
bfedde7c    L
b7f91830    S
bfedde84    L
b7f916e0    S
bfedde58    L
bfedde4c    L
b7f91904    S
bfedde58    L
bfedde4c    L
b7f9190c    S
bfedde58    L
bfedde4c    L
b7f91914    S
bfedde58    L
bfedde4c    L
b7f9191c    S
bfedde58    L
bfedde4c    L
b7f91924    S
bfedde58    L
bfedde4c    L
b7f9192c    S
bfedde58    L
bfedde4c    L
b7f91934    S
bfedde58    L
bfedde4c    L
b7f9193c    S
bfedde58    L
bfedde4c    L
b7f91944    S
bfedde58    L
bfedde4c    L
b7f9194c    S
bfedde58    L
bfedde4c    L
b7f91954    S
bfedde58    L
bfedde4c    L
b7f9195c    S
bfedde58    L
bfedde4c    L
b7f91964    S
bfedde58    L
bfedde4c    L
b7f9196c    S
bfedde58    L
bfedde4c    L
b7f91974    S
bfedde58    L
bfedde4c    L
b7f9197c    S
bfedde58    L
bfedde4c    L
bfedde4c    L
b7f91884    S
b7f91880    S
bfedde84    L
b7f91020    L
bfedde4c    L
b7f91020    S
bfedde84    L
b7f91024    L
b7f91024    S
bfedde7c    L
b7f912f8    L
b7f912f8    S
b7f912fc    L
b7f912fc    S
bfedde4c    L
bfedde7c    S
bfedde4c    L
b7f91884    L
bfedde7c    L
b7f91870    S
bfedde4c    L
bfedde4c    L
b7f91888    S
bfedde48    L
b7f8dc53    L
bfedde54    L
bfedde68    L
bfedde6c    L
bfedde70    L
bfedde74    L
bfedde78    L
bfeddf18    S
bfeddf18    L
b7f91020    L
bfede1d4    L
bfeddf18    L
b7f91814    S
bfede1d8    L
b7f9181c    S
bfede1dc    L
bfede1e0    L
b7f91818    S
bfeddf23    S
bfeddf18    L
b7f91840    L
b7f91840    S
b7f91868    S
b7f9186c    S
b7f91864    S
bfede1d4    L
bfede1d8    L
bfede1d8    S
bfede1d8    L
bfede1d4    L
bfeddf21    S
bfede1d4    L
8048034    L
bfede1d4    L
bfeddf18    L
804803c    L
b7f916c8    S
8048054    L
bfeddf18    L
804805c    L
b7f916c8    L
b7f91334    S
b7f91320    L
b7f91624    S
bfeddf21    S
8048074    L
bfeddf18    L
8048090    L
804807c    L
b7f916c8    L
b7f91864    L
b7f91864    S
bfeddf18    L
804807c    L
b7f916c8    L
8048088    L
b7f91868    L
b7f91868    S
804808c    L
bfeddf18    L
b7f9186c    L
b7f9186c    S
8048094    L
bfeddf18    L
80480b0    L
804809c    L
b7f916c8    L
b7f91864    L
bfeddf18    L
804809c    L
b7f916c8    L
80480a8    L
b7f91868    L
b7f91868    S
80480ac    L
80480b4    L
bfeddf18    L
80480bc    L
b7f916c8    L
b7f916d0    S
80480d4    L
80480f4    L
8048114    L
804812c    L
b7f915dc    S
bfeddf18    L
b7f918e0    L
bfeddf18    L
b7f91868    L
bfeddf18    L
b7f9186c    L
b7f91334    L
b7f91370    L
b7f9134c    L
b7f90f3c    L
b7f91334    L
b7f91624    L
b7f90f2c    L
bfedde7c    S
bfedde80    S
bfedde78    S
bfedde74    S
bfedde70    S
bfedde6c    S
bfedde80    L
bfedde7c    L
bfedde68    S
8048134    L
bfedde68    L
b7f765d8    L
bfedde68    S
bfedde6c    L
bfedde70    L
bfedde74    L
bfedde78    L
b7f91334    L
b7f90f2c    L
b7f91618    S
b7f9161c    S
b7f91628    L
b7f91614    S
b7f91628    S
b7f91494    L
bfeddf23    L
bfeddf18    L
b7f916d0    L
81a5134    L
b7f916ec    S
81a513c    L
b7f916ec    S
81a5144    L
b7f91718    S
81a514c    L
b7f9171c    S
81a5154    L
b7f916f8    S
81a515c    L
b7f916fc    S
81a5164    L
b7f91700    S
81a516c    L
b7f91710    S
81a5174    L
b7f91714    S
81a517c    L
b7f9173c    S
81a5184    L
b7f916f4    S
81a518c    L
b7f916f0    S
81a5194    L
b7f91738    S
81a519c    L
b7f91744    S
81a51a4    L
b7f9172c    S
81a51ac    L
b7f91730    S
81a51b4    L
b7f91734    S
81a51bc    L
b7f91774    S
81a51c4    L
b7f91770    S
81a51cc    L
b7f917ac    S
81a51d4    L
bfeddf18    L
b7f916c8    L
b7f91738    L
81a5198    L
b7f91704    L
b7f9172c    L
b7f91734    L
81a51b8    L
b7f91760    L
b7f91780    L
b7f9175c    L
bfeddf18    L
bfedde78    S
bfedde74    S
b7f916f8    L
81a5158    L
8048180    L
b7f91838    S
b7f91834    S
b7f9183c    S
bfedde74    L
bfedde78    L
bfede1b8    L
bfeddf28    S
b7f90e6c    L
bfedde84    S
bfedde80    S
bfedde7c    S
bfedde78    S
bfedde74    S
bfedde70    S
bfedde6c    S
bfedde68    S
bfedde64    S
bfedde64    L
bfedde64    L
bfedde34    S
bfedde48    S
bfedde44    S
bfedde40    S
bfedde30    S
bfedde34    L
b7f8dc53    L
bfedde34    L
bfedde30    L
bfedde50    S
b7f90e98    L
bfedde58    S
bfedde80    L
bfedde50    L
bfedde38    S
bfedde34    S
bfedde30    S
b7f91008    L
bfedde2c    S
bfedde28    S
bfedde24    S
bfedde24    L
bfedde24    L
bfedde38    L
bfedde34    L
bfedde24    S
bfedde20    S
b7f91004    L
bfedde1c    S
bfedde18    S
bfedde14    S
bfedde14    L
bfedde14    L
bfedde24    L
bfedde10    S
bfedde14    S
bfedde0c    S
b7f91000    L
bfedde08    S
bfedddfc    S
bfedde10    L
bfeddde0    S
bfeddde0    L
bfeddde0    L
bfedde00    S
bfedde04    S
bfedde14    L
b7f9168c    L
b7f91688    L
b7f91688    S
b7f9168c    L
b7f91688    L
bfedde00    L
bfedde04    L
b7f91690    S
b7f91688    S
bfedddfc    L
bfedde08    L
bfedde0c    L
bfedde18    L
bfedde1c    L
bfedde20    L
bfedde28    L
bfedde2c    L
bfedde30    L
bfedde54    S
bfedde4c    S
bfedde54    S
b7f919ac    S
b7f919b4    S
bfedde50    L
bfedde44    L
bfedde34    S
bfedde3c    S
bfedde38    S
bfedde30    S
bfedde2c    S
bfedde28    S
bfedde34    L
bfedde38    L
bfedde3c    L
b7f8dc53    L
b7f91be0    S
bfedde28    L
bfedde2c    L
bfedde30    L
b7f91bdc    S
b7f91bd4    S
bfedde54    L
bfedde48    L
b7f91b14    L
b7f9199c    S
bfedde40    L
b7f91b14    S
bfedde7c    L
b7f91b00    S
bfedde84    L
b7f919b0    S
bfedde58    L
bfedde4c    L
bfedde4c    L
b7f91b54    S
b7f91b50    S
bfedde84    L
b7f91020    L
b7f916d4    L
bfedde4c    L
b7f916d4    S
b7f919a8    S
bfedde4c    L
b7f91b54    L
bfedde84    L
b7f91020    L
b7f91b40    S
bfedde84    L
b7f91024    L
b7f91024    S
bfedde7c    L
b7f912f8    L
b7f912f8    S
b7f912fc    L
b7f912fc    S
bfedde4c    L
bfedde7c    S
bfedde4c    L
b7f91b54    L
bfedde7c    L
b7f91b40    L
bfedde80    L
b7f91b44    S
bfedde4c    L
bfedde4c    L
b7f91b58    S
bfedde48    L
b7f8dc53    L
bfedde54    L
bfedde68    L
bfedde6c    L
bfedde70    L
bfedde74    L
bfedde78    L
bfeddf28    S
bfeddf3c    S
b7f90e6c    L
bfeddf3c    L
ffffe01c    L
b7f91ae4    S
b7f90e6c    L
ffffe02c    L
b7f91aec    S
bfeddf3c    L
b7f91ae4    L
ffffe034    L
bfeddf3c    L
b7f91998    L
ffffe03c    L
bfeddf3c    L
b7f91998    S
bfeddf3c    L
ffffe048    L
ffffe03c    L
b7f91b38    L
b7f91b38    S
ffffe04c    L
ffffe048    L
ffffe03c    L
bfeddf3c    L
b7f91b3c    L
b7f91b3c    S
bfeddf3c    L
b7f91aec    L
bfeddf3c    L
b7f91ae4    L
ffffe054    L
ffffe05c    L
b7f919a0    S
ffffe068    L
b7f91aee    S
bfeddf3c    L
b7f91aec    L
bfeddf3c    L
b7f91ae4    L
ffffe074    L
bfeddf3c    L
b7f91aec    L
bfeddf3c    L
b7f91ae4    L
ffffe094    L
bfeddf3c    L
b7f91aec    L
bfeddf3c    L
b7f90e6c    L
b7f91b34    S
b7f91998    L
b7f91b38    L
b7f91b38    S
b7f91b3c    L
b7f91b3c    S
b7f91998    S
b7f919a0    L
b7f919a0    S
ffffe5a8    L
b7f919f0    S
ffffe5b0    L
b7f919c8    S
ffffe5b8    L
b7f919cc    S
ffffe5c0    L
b7f919d0    S
ffffe5c8    L
b7f919e0    S
ffffe5d0    L
b7f919e4    S
ffffe5d8    L
b7f91a4c    S
ffffe5e0    L
b7f91a48    S
ffffe5e8    L
b7f91a7c    S
ffffe5f0    L
bfeddf3c    L
b7f91998    L
b7f91a08    L
b7f919d4    L
b7f919fc    L
b7f91a30    L
b7f91a50    L
b7f91a2c    L
bfeddf3c    L
bfedde78    S
bfedde74    S
b7f919c8    L
ffffe5b4    L
ffffe0b4    L
b7f91b08    S
b7f91b04    S
b7f91b0c    S
bfedde74    L
bfedde78    L
bfeddf3c    L
b7f91b58    L
b7f91b14    L
b7f91b14    S
b7f91af4    S
b7f91b58    L
b7f91af0    S
b7f919f0    L
b7f919cc    L
ffffe5ac    L
ffffe5bc    L
bfedde7c    S
bfedde78    S
bfedde7c    L
ffffe1b8    L
ffffe1bc    L
ffffe1c0    L
ffffe1c4    L
bfedde7c    L
bfedde78    L
bfeddf40    S
bfedde7c    S
bfedde78    S
b7f91004    L
bfedde74    S
bfedde70    S
bfedde6c    S
bfedde6c    L
bfedde6c    L
bfedde7c    L
bfedde68    S
bfedde6c    S
bfedde64    S
b7f91000    L
bfedde60    S
bfedde54    S
bfedde68    L
bfedde38    S
bfedde38    L
bfedde38    L
bfedde58    S
bfedde5c    S
bfedde6c    L
b7f9168c    L
b7f91688    L
b7f91688    S
b7f9168c    L
b7f91688    L
bfedde58    L
bfedde5c    L
b7f91690    S
b7f91688    S
bfedde54    L
bfedde60    L
bfedde64    L
bfedde70    L
bfedde74    L
bfedde78    L
bfeddf3c    L
bfeddf40    L
b7f919b4    L
bfedde84    S
bfedde80    S
bfedde7c    S
bfedde78    S
bfedde74    S
bfedde70    S
bfedde7c    L
bfedde80    L
bfedde84    L
ffffe1b8    L
ffffe1bc    L
ffffe1c0    L
ffffe1c4    L
ffffe1c8    L
b7f91be8    S
b7f91bec    S
b7f91bf0    S
b7f91bf4    S
b7f91bf8    S
bfedde70    L
bfedde74    L
bfedde78    L
b7f91bd4    S
bfeddf3c    L
b7f919a4    L
bfeddf3c    L
bfeddf18    L
b7f919a8    L
bfeddf3c    L
b7f919a8    S
bfeddf3c    L
b7f91324    S
b7f90e68    L
bfeddf28    S
b7f90e70    S
bfeddf3c    L
b7f91aec    L
b7f91ae4    L
bfeddf84    S
bfeddfa4    S
bfeddf80    S
bfeddebc    S
bfeddfa4    L
ffffe034    L
bfeddf80    L
bfeddf80    S
bfeddf80    L
bfeddfa4    L
bfeddfa4    S
bfeddf84    L
bfeddfa4    L
ffffe054    L
bfeddf80    L
bfeddf80    S
bfeddf80    L
bfeddfa4    L
bfeddfa4    S
bfeddf84    L
bfeddfa4    L
ffffe074    L
bfeddf3c    L
b7f91998    L
bfeddf7c    S
ffffe07c    L
bfeddf7c    S
bfeddeb8    S
ffffe088    L
bfeddf8c    S
bfeddeb8    L
bfeddebc    L
ffffe460    L
ffffe464    L
ffffe468    L
ffffe46c    L
ffffe470    L
ffffe474    L
ffffe478    L
bfeddeb8    L
ffffe474    L
b7f90ce8    L
b7f90ce8    S
b7f90ee0    L
bfedde78    S
bfedde74    S
bfedde70    S
bfedde6c    S
bfedde68    S
bfedde64    S
bfedde64    L
bfedde64    L
bfedde60    S
b7f90cf0    L
b7f90cec    L
bfedde44    S
bfedde40    S
bfedde3c    S
bfedde38    S
bfedde34    S
bfedde30    S
bfedde2c    S
bfedde2c    L
bfedde2c    L
bfedddc4    S
bfedddc0    S
bfedddbc    S
b7f90d2c    L
b7f90d24    L
bfeddde0    S
b7f90d30    L
b7f90d28    L
bfeddde4    S
bfedddc4    L
bfeddde8    S
bfeddde4    L
bfeddde0    L
bfeddde4    L
bfeddde0    L
bfeddde8    L
bfeddde8    S
bfeddde4    L
bfeddde0    L
bfeddde4    L
bfeddde0    L
bfeddde8    L
bfeddde8    S
bfeddde4    L
bfeddde0    L
bfeddde4    L
bfeddde0    L
bfeddde8    L
bfeddde8    S
bfeddde4    L
bfeddde0    L
bfeddde4    L
bfeddde0    L
bfeddde8    L
bfeddde8    S
bfeddde4    L
bfeddde0    L
bfeddde4    L
bfeddde0    L
bfeddde8    L
bfeddde8    S
bfeddde4    L
bfeddde0    L
bfeddde4    L
bfeddde0    L
bfeddde8    L
bfeddde8    S
bfeddde4    L
bfeddde0    L
bfeddde4    L
bfeddde0    L
bfeddde8    L
bfeddde8    S
bfeddde4    L
bfeddde0    L
bfeddde4    L
bfeddde0    L
bfeddde8    L
bfeddde8    S
bfeddde4    L
bfeddde0    L
bfeddde4    L
bfeddde0    L
bfeddde8    L
bfeddde8    S
bfeddde4    L
bfeddde0    L
bfeddde4    L
bfeddde0    L
bfeddde8    L
bfeddde8    S
bfeddde4    L
bfeddde0    L
bfeddde4    L
bfeddde0    L
bfeddde8    L
bfeddde8    S
bfeddde4    L
bfeddde0    L
bfeddde4    L
bfeddde0    L
bfeddde8    L
bfeddde8    S
bfeddde4    L
bfeddde0    L
bfeddde4    L
bfeddde0    L
bfeddde8    L
bfeddde8    S
bfeddde4    L
bfeddde0    L
bfeddde4    L
bfeddde0    L
bfeddde8    L
bfeddde8    S
bfeddde4    L
bfeddde0    L
bfeddde4    L
bfeddde0    L
bfeddde8    L
bfeddde8    S
bfeddde4    L
bfeddde0    L
bfeddde4    L
bfeddde0    L
bfeddde8    L
bfeddde8    S
bfeddde4    L
bfeddde0    L
bfeddde4    L
bfeddde0    L
bfeddde8    L
bfeddde8    S
bfeddde4    L
bfeddde0    L
bfeddde4    L
bfeddde0    L
bfeddde8    L
bfeddde8    S
bfeddde4    L
bfeddde0    L
bfeddde4    L
bfeddde0    L
bfeddde8    L
bfeddde8    S
bfeddde4    L
bfeddde0    L
bfeddde4    L
bfeddde0    L
bfeddde8    L
bfeddde8    S
bfeddde4    L
bfeddde0    L
bfeddde4    L
bfeddde0    L
bfeddde8    L
bfeddde8    S
bfeddde4    L
bfeddde0    L
bfeddde4    L
bfeddde0    L
bfeddde8    L
bfeddde8    S
bfeddde4    L
bfeddde0    L
bfeddde4    L
bfeddde0    L
bfeddde8    L
bfeddde8    S
bfeddde4    L
bfeddde0    L
bfeddde4    L
bfeddde0    L
bfeddde8    L
bfeddde8    S
bfeddde4    L
bfeddde0    L
bfeddde4    L
bfeddde0    L
bfeddde8    L
bfeddde8    S
bfeddde4    L
bfeddde0    L
bfeddde4    L
bfeddde0    L
bfeddde8    L
bfeddde8    S
bfeddde4    L
bfeddde0    L
bfeddde4    L
bfeddde0    L
bfeddde8    L
bfeddde8    S
bfeddde4    L
bfeddde0    L
b7f90e70    L
bfedddc8    S
b7f91aec    L
b7f91ae4    L
bfedde00    S
bfedde1c    S
bfedddf8    S
bfedddfc    S
bfedde04    S
bfeddda8    S
bfedde1c    L
ffffe034    L
bfedde04    L
bfedde04    S
bfedde04    L
bfedde1c    L
bfedde1c    S
bfedde00    L
bfedde1c    L
ffffe054    L
bfedde04    L
bfedde04    S
bfedde04    L
bfedde1c    L
bfedde1c    S
bfedde00    L
bfedde1c    L
ffffe074    L
bfedddc8    L
b7f91998    L
bfedde08    S
ffffe07c    L
bfedde08    S
bfeddda0    S
ffffe088    L
bfedddcc    S
bfeddda0    L
ffffe468    L
bfeddda0    L
ffffe460    L
ffffe464    L
bfedde08    L
bfeddda0    S
bfedddcc    L
bfedddf8    L
bfedde04    L
bfedde04    S
bfedde04    L
bfedde1c    L
bfedde1c    S
bfedde00    L
bfedde1c    L
ffffe094    L
bfedde04    L
bfedde04    S
bfedde04    L
bfedde1c    L
bfedde1c    S
bfedde00    L
bfeddde8    L
bfedde2c    S
bfedddf8    L
bfedddf4    S
bfedddf0    S
bfeddde4    L
bfeddde0    L
bfedddf0    L
bfedddf4    L
bfedde24    S
bfedddb4    S
bfedddb0    S
bfedde24    L
bfeddde4    L
bfeddde0    L
bfeddde4    L
bfeddde0    L
bfedde24    L
bfedde24    S
bfedddb4    L
bfedddb4    S
bfedde24    L
bfeddde4    L
bfeddde0    L
bfeddde4    L
bfeddde0    L
bfedde24    L
bfedde24    S
bfedddb4    L
bfedddb4    S
bfedde24    L
bfeddde4    L
bfeddde0    L
bfeddde4    L
bfeddde0    L
bfedde24    L
bfedde24    S
bfedddb4    L
bfedddb4    S
bfedde24    L
bfeddde4    L
bfeddde0    L
bfeddde4    L
bfeddde0    L
bfedde24    L
bfedde24    S
bfedddb4    L
bfedddb4    S
bfedde24    L
bfeddde4    L
bfeddde0    L
bfeddde4    L
bfeddde0    L
bfedde24    L
bfedde24    S
bfedddb4    L
bfedddb4    S
bfedde24    L
bfeddde4    L
bfeddde0    L
bfeddde4    L
bfeddde0    L
bfedde24    L
bfedde24    S
bfedddb4    L
bfedddb4    S
bfedde24    L
bfeddde4    L
bfeddde0    L
bfeddde4    L
bfeddde0    L
bfedde24    L
bfedde24    S
bfedddb4    L
bfedddb4    S
bfedde24    L
bfeddde4    L
bfeddde0    L
bfeddde4    L
bfeddde0    L
bfedde24    L
bfedde24    S
bfedddb4    L
bfedddb4    S
bfedde24    L
bfeddde4    L
bfeddde0    L
bfeddde4    L
bfeddde0    L
bfedde24    L
bfedde24    S
bfedddb4    L
bfedddb4    S
bfedde24    L
bfeddde4    L
bfeddde0    L
bfeddde4    L
bfeddde0    L
bfedde24    L
bfedde24    S
bfedddb4    L
bfedddb4    S
bfedde24    L
bfeddde4    L
bfeddde0    L
bfeddde4    L
bfeddde0    L
bfedde24    L
bfedde24    S
bfedddb4    L
bfedddb4    S
bfedde24    L
bfeddde4    L
bfeddde0    L
bfeddde4    L
bfeddde0    L
bfedde24    L
bfedde24    S
bfedddb4    L
bfedddb4    S
bfedde24    L
bfeddde4    L
bfeddde0    L
bfeddde4    L
bfeddde0    L
bfedde24    L
bfedde24    S
bfedddb4    L
bfedddb4    S
bfedde24    L
bfeddde4    L
bfeddde0    L
bfeddde4    L
bfeddde0    L
bfedde24    L
bfedde24    S
bfedddb4    L
bfedddb4    S
bfedde24    L
bfeddde4    L
bfeddde0    L
bfeddde4    L
bfeddde0    L
bfedde24    L
bfedde24    S
bfedddb4    L
bfedddb4    S
bfedde24    L
bfeddde4    L
bfeddde0    L
bfeddde4    L
bfeddde0    L
bfedde24    L
bfedde24    S
bfedddb4    L
bfedddb4    S
bfedde24    L
bfeddde4    L
bfeddde0    L
bfeddde4    L
bfeddde0    L
bfedde24    L
bfedde24    S
bfedddb4    L
bfedddb4    S
bfedde24    L
bfeddde4    L
bfeddde0    L
bfeddde4    L
bfeddde0    L
bfedde24    L
bfedde24    S
bfedddb4    L
bfedddb4    S
bfedde24    L
bfeddde4    L
bfeddde0    L
bfeddde4    L
bfeddde0    L
bfedde24    L
bfedde24    S
bfedddb4    L
bfedddb4    S
bfedde24    L
bfeddde4    L
bfeddde0    L
bfeddde4    L
bfeddde0    L
bfedde24    L
bfedde24    S
bfedddb4    L
bfedddb4    S
bfedde24    L
bfeddde4    L
bfeddde0    L
bfeddde4    L
bfeddde0    L
bfedde24    L
bfedde24    S
bfedddb4    L
bfedddb4    S
bfedde24    L
bfeddde4    L
bfeddde0    L
bfeddde4    L
bfeddde0    L
bfedde24    L
bfedde24    S
bfedddb4    L
bfedddb4    S
bfedde24    L
bfeddde4    L
bfeddde0    L
bfeddde4    L
bfeddde0    L
bfedde24    L
bfedde24    S
bfedddb4    L
bfedddb4    S
bfedde24    L
bfeddde4    L
bfeddde0    L
bfeddde4    L
bfeddde0    L
bfedde24    L
bfedde24    S
bfedddb4    L
bfedddb4    S
bfedde24    L
bfeddde4    L
bfeddde0    L
bfeddde4    L
bfeddde0    L
bfedde24    L
bfedde24    S
bfedddb4    L
bfedddb4    S
bfedde24    L
bfeddde4    L
bfeddde0    L
bfeddde4    L
bfeddde0    L
bfedde24    L
bfedde24    S
bfedddb4    L
bfedddb4    S
bfedde24    L
bfeddde4    L
bfeddde0    L
bfedddb0    L
bfedddb4    L
bfeddd80    S
bfeddd68    S
bfeddd64    S
bfeddd68    L
b7f90e04    L
b7f90e08    L
bfeddd68    L
bfeddd64    L
bfeddd84    S
bfedde24    L
bfeddde4    L
bfeddde0    L
bfedddf0    L
bfedddf0    S
bfeddde4    S
bfeddde4    L
bfeddde0    S
bfedddb0    L
bfedddb0    S
bfeddde0    L
bfedddc4    L
bfedddf0    L
bfedddf4    L
bfedddc4    L
bfeddd88    S
bfedddc0    L
bfeddd8c    S
bfedddf0    L
bfedddf0    S
bfedddf0    L
bfedddf4    L
bfeddd90    S
bfeddd94    S
bfedde2c    L
bfedde2c    L
bfedddf4    L
bfedde2c    L
bfeddd84    L
bfeddd94    L
bfedddf0    L
bfedddf0    L
bfeddda0    S
bfedddf4    L
bfeddd8c    L
bfeddda0    L
bfedde2c    L
bfedde2c    L
bfedddbc    L
bfedddd4    S
b7f90f0c    S
bfedddd4    L
bfeddd68    S
bfeddd64    S
b7f91004    L
bfeddd60    S
bfeddd5c    S
bfeddd58    S
bfeddd58    L
bfeddd58    L
bfeddd68    L
bfeddd54    S
bfeddd58    S
bfeddd50    S
b7f91000    L
bfeddd4c    S
bfeddd40    S
bfeddd54    L
bfeddd24    S
bfeddd24    L
bfeddd24    L
bfeddd44    S
bfeddd48    S
bfeddd58    L
b7f9168c    L
b7f91688    L
b7f91688    S
b7f9168c    L
b7f91688    L
bfeddd44    L
bfeddd48    L
b7f91690    S
b7f91688    S
bfeddd40    L
bfeddd4c    L
bfeddd50    L
bfeddd5c    L
bfeddd60    L
bfeddd64    L
bfedddd8    S
bfedde2c    L
bfedddbc    L
bfedddd8    L
b7f90f0c    L
b7f91bf8    S
b7f91c00    S
bfedde2c    L
bfedde2c    L
bfedddb8    S
bfedddf4    L
bfedddec    S
bfedde2c    L
bfedde2c    L
bfedde10    S
bfedde14    S
bfedde28    S
bfedde14    L
bfedddec    L
bfedddec    S
bfeddd94    L
bfeddd70    S
bfeddd90    L
bfeddd68    S
bfeddd6c    S
bfeddd64    S
bfeddd60    S
bfeddd5c    S
bfeddd68    L
bfeddd6c    L
bfeddd70    L
b7f8e2a7    L
b7f91c38    S
bfeddd5c    L
bfeddd60    L
bfeddd64    L
b7f91c3b    S
bfedde28    L
bfedde10    L
bfedde28    L
bfedddec    L
bfeddd8c    L
bfeddd70    S
bfeddd88    L
bfeddd68    S
bfeddd6c    S
bfeddd64    S
bfeddd60    S
bfeddd5c    S
bfeddd68    L
bfeddd6c    L
bfeddd70    L
bfede42b    L
b7f91c3c    S
bfeddd5c    L
bfeddd60    L
bfeddd64    L
b7f91c40    S
bfedddf4    L
bfeddd84    L
bfeddd70    S
bfeddd80    L
bfeddd68    S
bfeddd6c    S
bfeddd64    S
bfeddd60    S
bfeddd5c    S
bfeddd68    L
bfeddd6c    L
bfeddd70    L
b7f90e04    L
b7f91c41    S
bfeddd5c    L
bfeddd60    L
bfeddd64    L
b7f91c45    S
bfedddec    L
bfedde14    L
bfedddec    L
bfedddec    S
bfeddd94    L
bfeddd70    S
bfeddd90    L
bfeddd68    S
bfeddd6c    S
bfeddd64    S
bfeddd60    S
bfeddd5c    S
bfeddd68    L
bfeddd6c    L
bfeddd70    L
b7f8e2a7    L
b7f91c46    S
bfeddd5c    L
bfeddd60    L
bfeddd64    L
b7f91c49    S
bfedde28    L
bfedde10    L
bfedde28    L
bfedddec    L
bfedddf4    L
bfeddd84    L
bfeddd70    S
bfeddd80    L
bfeddd68    S
bfeddd6c    S
bfeddd64    S
bfeddd60    S
bfeddd5c    S
bfeddd68    L
bfeddd6c    L
bfeddd70    L
b7f90e04    L
b7f91c4a    S
bfeddd5c    L
bfeddd60    L
bfeddd64    L
b7f91c4e    S
bfedddec    L
bfedde2c    L
bfedddd8    L
b7f91bfc    S
bfedddd8    L
b7f91c04    S
bfedddd8    L
b7f91c0c    S
bfedddd8    L
b7f91c14    S
bfedddd8    L
b7f91c1c    S
bfedddd8    L
b7f91c24    S
bfedddd8    L
b7f91c2c    S
bfedddd8    L
b7f91c34    S
bfedddf4    L
bfedde2c    L
bfedde2c    L
bfedde18    S
bfeddda4    S
bfedde20    S
bfedde20    L
bfedde20    S
bfedde20    L
bfedddd4    L
bfedddd4    L
bfedddd8    L
b7f91bfc    L
bfeddda4    L
bfeddd94    L
bfedddd8    L
b7f91bfc    S
bfedddd4    L
bfedddd8    L
b7f91c04    L
bfeddda4    L
bfeddd94    L
bfedddd8    L
b7f91c04    S
bfedddd4    L
bfedddd8    L
b7f91c0c    L
bfeddda4    L
bfeddd94    L
bfedddd8    L
b7f91c0c    S
bfedddd4    L
bfedddd8    L
b7f91c14    L
bfeddda4    L
bfeddd94    L
bfedddd8    L
b7f91c14    S
bfedddd4    L
bfedddd4    L
bfedddd4    L
bfedddd4    L
bfedddd4    L
bfedde20    L
bfeddda4    L
bfeddda4    S
bfedde20    L
bfedde20    S
bfedde20    L
bfedddd4    L
bfedddd4    L
bfedddd8    L
b7f91bfc    L
bfeddda4    L
bfeddd8c    L
bfedddd8    L
b7f91bfc    S
bfedddd4    L
bfedddd8    L
b7f91c04    L
bfeddda4    L
bfeddd8c    L
bfedddd8    L
b7f91c04    S
bfedddd4    L
bfedddd4    L
bfedddd4    L
bfedddd8    L
b7f91c1c    L
bfeddda4    L
bfeddd8c    L
bfedddd8    L
b7f91c1c    S
bfedddd4    L
bfedddd8    L
b7f91c24    L
bfeddda4    L
bfeddd8c    L
bfedddd8    L
b7f91c24    S
bfedddd4    L
bfedddd4    L
bfedddd4    L
bfedde20    L
bfeddda4    L
bfeddda4    S
bfedde20    L
bfedde20    S
bfedde20    L
bfedddd4    L
bfedddd4    L
bfedddd8    L
b7f91bfc    L
bfeddda4    L
bfeddd84    L
bfedddd8    L
b7f91bfc    S
bfedddd4    L
bfedddd4    L
bfedddd8    L
b7f91c0c    L
bfeddda4    L
bfeddd84    L
bfedddd8    L
b7f91c0c    S
bfedddd4    L
bfedddd4    L
bfedddd8    L
b7f91c1c    L
bfeddda4    L
bfeddd84    L
bfedddd8    L
b7f91c1c    S
bfedddd4    L
bfedddd4    L
bfedddd8    L
b7f91c2c    L
bfeddda4    L
bfeddd84    L
bfedddd8    L
b7f91c2c    S
bfedddd4    L
bfedddd4    L
bfedde20    L
bfeddda4    L
bfeddda4    S
bfedddd4    L
bfedddd8    L
bfedddb8    L
bfeddddc    S
bfeddddc    L
bfeddddc    S
bfeddddc    L
bfedddd4    L
bfedddd8    L
bfeddddc    L
b7f91bfc    L
b7f91bf8    L
b7f91c08    S
b7f91c08    L
b7f91c10    S
bfedddd8    L
bfedddb8    L
bfedde18    L
bfeddd94    L
b7f91bf8    L
b7f91c18    S
bfeddddc    L
b7f91c00    L
b7f91c20    S
bfeddddc    L
b7f91c08    L
b7f91c28    S
bfeddddc    L
b7f91c10    L
b7f91c30    S
bfeddddc    L
bfedddd8    L
bfedde44    L
b7f91bfc    L
b7f90f10    S
bfedddd8    L
bfedde30    L
bfedde34    L
bfedde38    L
bfedde3c    L
bfedde40    L
b7f90f08    S
bfedde44    S
bfedde40    S
b7f91004    L
bfedde3c    S
bfedde38    S
bfedde34    S
bfedde34    L
bfedde34    L
bfedde44    L
bfedde30    S
bfedde34    S
bfedde2c    S
b7f91000    L
bfedde28    S
bfedde1c    S
bfedde30    L
bfedde00    S
bfedde00    L
bfedde00    L
bfedde20    S
bfedde24    S
bfedde34    L
b7f9168c    L
b7f91688    L
b7f91688    S
b7f9168c    L
b7f91688    L
bfedde20    L
bfedde24    L
b7f91690    S
b7f91688    S
bfedde1c    L
bfedde28    L
bfedde2c    L
bfedde38    L
bfedde3c    L
bfedde40    L
b7f90f14    S
b7f90f0c    L
bfedde44    S
bfedde40    S
b7f91004    L
bfedde3c    S
bfedde38    S
bfedde34    S
bfedde34    L
bfedde34    L
bfedde44    L
bfedde30    S
bfedde34    S
bfedde2c    S
b7f91000    L
bfedde28    S
bfedde1c    S
bfedde30    L
bfedde00    S
bfedde00    L
bfedde00    L
bfedde20    S
bfedde24    S
bfedde34    L
b7f9168c    L
b7f91688    L
b7f91688    S
b7f9168c    L
b7f90ce4    L
bfedde18    S
bfedde14    S
bfedde10    S
bfedde0c    S
bfedde08    S
bfedde04    S
bfedde00    S
bfedddfc    S
bfedddf8    S
bfedddf4    S
bfedddf0    S
bfedde04    L
bfedde08    L
bfedde0c    L
bfedde10    L
bfedde14    L
bfedde18    L
bfedddf0    L
bfedddf4    L
bfedddf8    L
bfedddfc    L
bfedde00    L
b7f9168c    L
b7f91688    S
b7f9168c    S
b7f91688    L
bfedde20    L
bfedde24    L
b7f91690    S
b7f91688    S
bfedde1c    L
bfedde28    L
bfedde2c    L
bfedde38    L
bfedde3c    L
bfedde40    L
b7f91c50    S
b7f90f14    L
b7f91c50    L
b7f90f18    S
b7f91c50    L
bfedde64    S
b7f91310    S
bfedde5c    S
bfedde58    S
b7f91c50    S
bfedde58    L
b621b00c    S
b621b008    S
b621b004    S
bfedde64    L
b7f8b520    L
b621b010    S
b621b00c    L
b7f8b510    L
b7f90f0c    L
b621b014    S
b7f90f0c    L
b621b018    S
b7f90f0c    L
b621b01c    S
b7f90f0c    L
b621b020    S
b7f90f0c    L
b621b024    S
b7f90f0c    L
b621b028    S
b7f90f0c    L
b621b02c    S
b7f90f0c    L
b621b030    S
b7f90f0c    L
bfedde5c    L
bfedde5c    L
b621b000    S
bfedde64    L
bfedde64    S
b7f91c54    S
bfedde58    L
b621b048    S
b621b044    S
b621b040    S
bfedde64    L
b7f8b524    L
b621b04c    S
b621b048    L
b7f8b516    L
b7f90f0c    L
b621b050    S
b7f90f0c    L
b621b054    S
b7f90f0c    L
b621b058    S
b7f90f0c    L
b621b05c    S
b7f90f0c    L
b621b060    S
b7f90f0c    L
b621b064    S
b7f90f0c    L
b621b068    S
b7f90f0c    L
b621b06c    S
b7f90f0c    L
b621b03c    S
b7f91640    S
b7f91c58    S
b7f91020    L
b7f91844    L
b7f9175c    L
b7f91724    L
b7f918a0    S
b7f91850    S
bfedde60    L
bfedde60    L
bfedf38d    L
bfedde44    S
bfedde40    S
bfedde44    L
bfedf38d    L
bfedf38e    L
bfedf38f    L
bfedf390    L
bfedf394    L
bfedf398    L
bfedf39c    L
bfedf3a0    L
bfedf3a4    L
bfedf3a8    L
bfedf3ac    L
bfedf3b0    L
bfedf3b4    L
bfedf3b8    L
bfedf3bc    L
bfedf3c0    L
bfedf3c4    L
bfedf3c8    L
bfedf3cc    L
bfedf3d0    L
bfedf3d4    L
bfedde44    L
bfedde40    L
bfedddf0    S
bfedde60    L
bfeddde8    S
bfedddec    S
bfeddde4    S
bfeddde0    S
bfeddddc    S
bfeddde8    L
bfedddec    L
bfedddf0    L
bfedf38d    L
bfedde00    S
bfedde00    L
bfedde1c    L
bfedf38d    L
bfedf391    L
bfedde00    S
bfedde04    S
bfedf395    L
bfedf399    L
bfedde08    S
bfedde0c    S
bfedf39d    L
bfedf3a1    L
bfedde10    S
bfedde14    S
bfedf3a5    L
bfedf3a9    L
bfedde18    S
bfedde1c    S
bfedde3c    L
bfedf3ad    L
bfedf3b1    L
bfedde20    S
bfedde24    S
bfedf3b5    L
bfedf3b9    L
bfedde28    S
bfedde2c    S
bfedf3bd    L
bfedf3c1    L
bfedde30    S
bfedde34    S
bfedf3c5    L
bfedf3c9    L
bfedde38    S
bfedde3c    S
bfeddde8    L
bfedf3cd    L
bfedf3d0    L
bfedf3d4    L
bfedf3d8    L
bfedde40    S
bfedde44    S
bfedde48    S
bfeddddc    L
bfeddde0    L
bfeddde4    L
bfedde60    L
bfedf38d    L
bfedde60    L
bfedf38e    L
bfedf38f    L
bfedf390    L
bfedf391    L
bfedf392    L
bfedf393    L
bfedf394    L
bfedf395    L
bfedf396    L
bfedf397    L
bfedf398    L
bfedf399    L
bfedf39a    L
bfedf39b    L
bfedf39c    L
bfedf39d    L
bfedf39e    L
bfedf39f    L
bfedf3a0    L
bfedf3a1    L
bfedf3a2    L
bfedf3a3    L
bfedf3a4    L
bfedf3a5    L
bfedf3a6    L
bfedf3a7    L
bfedf3a8    L
bfedf3a9    L
bfedf3aa    L
bfedf3ab    L
bfedf3ac    L
bfedf3ad    L
bfedf3ae    L
bfedf3af    L
bfedf3b0    L
bfedf3b1    L
bfedf3b2    L
bfedf3b3    L
bfedf3b4    L
bfedf3b5    L
bfedf3b6    L
bfedf3b7    L
bfedf3b8    L
bfedf3b9    L
bfedf3ba    L
bfedf3bb    L
bfedf3bc    L
bfedf3bd    L
bfedf3be    L
bfedf3bf    L
bfedf3c0    L
bfedf3c1    L
bfedf3c2    L
bfedf3c3    L
bfedf3c4    L
bfedf3c5    L
bfedf3c6    L
bfedf3c7    L
bfedf3c8    L
bfedf3c9    L
bfedf3ca    L
bfedf3cb    L
bfedf3cc    L
bfedf3cd    L
bfedf3ce    L
bfedf3cf    L
bfedf3d0    L
bfedf3d1    L
bfedf3d2    L
bfedf3d3    L
bfedf3d4    L
bfedf3d5    L
bfedf3d6    L
bfeddde8    S
bfeddde4    S
b7f91004    L
bfeddde0    S
bfeddddc    S
bfedddd8    S
bfedddd8    L
bfedddd8    L
bfeddde8    L
bfedddd4    S
bfedddd8    S
bfedddd0    S
b7f91000    L
bfedddcc    S
bfedddc0    S
bfedddd4    L
bfeddda4    S
bfeddda4    L
bfeddda4    L
bfedddc4    S
bfedddc8    S
bfedddd8    L
b7f9168c    L
b7f91688    L
b7f91688    S
b7f9168c    L
b7f91688    L
bfedddc4    L
bfedddc8    L
b7f91690    S
b7f91688    S
bfedddc0    L
bfedddcc    L
bfedddd0    L
bfeddddc    L
bfeddde0    L
bfeddde4    L
b7f90f00    S
bfedddec    S
b7f90f1c    L
bfedddf0    S
bfeddde8    S
bfeddde4    S
bfeddde0    S
bfeddddc    S
bfedddd8    S
bfedddd4    S
bfedddd0    S
bfedddd0    L
bfedddd0    L
bfedddd0    S
bfedddb4    S
bfedddb0    S
bfedddc0    S
bfeddda8    S
bfedddb0    L
bfeddda8    L
bfeddd9c    S
bfeddd98    S
bfeddd94    S
bfeddd90    S
bfeddd8c    S
bfeddd88    S
bfeddd84    S
bfeddd9c    L
bfeddd70    S
bfeddd70    L
bfeddd70    L
b7f8e007    L
bfeddd98    L
bfedddd0    L
bfedde00    L
b7f8e007    L
b7f8e008    L
b7f8e008    L
b7f8e009    L
bfedde01    L
b7f8e007    L
b7f8e008    L
b7f8e008    L
b7f8e009    L
bfedde02    L
b7f8e007    L
b7f8e008    L
b7f8e008    L
b7f8e009    L
bfedde03    L
b7f8e007    L
b7f8e008    L
b7f8e008    L
b7f8e009    L
bfedde04    L
b7f8e007    L
b7f8e008    L
b7f8e008    L
b7f8e009    L
bfedde05    L
b7f8e007    L
b7f8e008    L
b7f8e008    L
b7f8e009    L
bfedde06    L
b7f8e007    L
b7f8e008    L
b7f8e008    L
b7f8e009    L
bfedde07    L
b7f8e007    L
b7f8e008    L
b7f8e008    L
b7f8e009    L
bfedde08    L
b7f8e007    L
b7f8e008    L
b7f8e008    L
b7f8e009    L
bfedde09    L
b7f8e007    L
b7f8e008    L
b7f8e008    L
b7f8e009    L
bfedde0a    L
b7f8e007    L
b7f8e008    L
b7f8e008    L
b7f8e009    L
bfedde0b    L
b7f8e007    L
b7f8e008    L
b7f8e008    L
b7f8e009    L
bfedde0c    L
b7f8e007    L
b7f8e008    L
b7f8e008    L
b7f8e009    L
bfedde0d    L
b7f8e007    L
b7f8e008    L
b7f8e008    L
b7f8e009    L
bfedde0e    L
b7f8e007    L
b7f8e008    L
b7f8e008    L
b7f8e009    L
bfedde0f    L
b7f8e007    L
b7f8e008    L
b7f8e008    L
b7f8e009    L
bfedde10    L
b7f8e007    L
b7f8e008    L
b7f8e008    L
b7f8e009    L
bfedde11    L
b7f8e007    L
b7f8e008    L
b7f8e008    L
b7f8e009    L
bfedde12    L
b7f8e007    L
b7f8e008    L
b7f8e008    L
b7f8e009    L
bfedde13    L
b7f8e007    L
b7f8e008    L
b7f8e008    L
b7f8e009    L
bfedde14    L
b7f8e007    L
b7f8e008    L
b7f8e008    L
b7f8e009    L
bfedde15    L
b7f8e007    L
b7f8e008    L
b7f8e008    L
b7f8e009    L
bfedde16    L
b7f8e007    L
b7f8e008    L
b7f8e008    L
b7f8e009    L
bfedde17    L
b7f8e007    L
b7f8e008    L
b7f8e008    L
b7f8e009    L
bfedde18    L
b7f8e007    L
b7f8e008    L
b7f8e008    L
b7f8e009    L
bfedde19    L
b7f8e007    L
b7f8e008    L
b7f8e008    L
b7f8e009    L
bfedde1a    L
b7f8e007    L
b7f8e008    L
b7f8e008    L
b7f8e009    L
bfedde1b    L
b7f8e007    L
b7f8e008    L
b7f8e008    L
b7f8e009    L
bfedde1c    L
b7f8e007    L
b7f8e008    L
b7f8e008    L
b7f8e009    L
bfedde1d    L
b7f8e007    L
b7f8e008    L
b7f8e008    L
b7f8e009    L
bfedde1e    L
b7f8e007    L
b7f8e008    L
b7f8e008    L
b7f8e009    L
bfedde1f    L
b7f8e007    L
b7f8e008    L
b7f8e008    L
b7f8e009    L
bfedde20    L
b7f8e007    L
b7f8e008    L
b7f8e008    L
b7f8e009    L
bfedde21    L
b7f8e007    L
b7f8e008    L
b7f8e008    L
b7f8e009    L
bfedde22    L
b7f8e007    L
b7f8e008    L
b7f8e008    L
b7f8e009    L
bfedde23    L
b7f8e007    L
b7f8e008    L
b7f8e008    L
b7f8e009    L
bfedde24    L
b7f8e007    L
b7f8e008    L
b7f8e008    L
b7f8e009    L
bfedde25    L
b7f8e007    L
b7f8e008    L
b7f8e008    L
b7f8e009    L
bfedde26    L
b7f8e007    L
b7f8e008    L
b7f8e008    L
b7f8e009    L
bfedde27    L
b7f8e007    L
b7f8e008    L
b7f8e008    L
b7f8e009    L
bfedde28    L
b7f8e007    L
b7f8e007    L
bfedde28    S
bfeddd98    L
bfedddd0    S
bfeddd84    L
bfeddd88    L
bfeddd8c    L
bfeddd90    L
bfeddd94    L
bfedddbc    S
bfedddbc    L
bfeddd98    S
bfeddd94    S
bfeddd98    L
bfedde00    L
bfedde04    L
bfedde08    L
bfedde0c    L
bfedde10    L
bfedde14    L
bfedde18    L
bfedde1c    L
bfedde20    L
bfedde24    L
bfedde28    L
bfeddd98    L
bfeddd94    L
bfedddc4    S
bfedddc4    L
bfedddbc    L
bfedddc4    L
bfedde27    L
bfedddc4    L
bfedddbc    L
bfedde28    S
bfeddde8    L
bfedddc4    S
b7f91310    L
bfeddda4    S
bfeddda4    L
bfedddc4    L
b621b010    L
bfeddda4    L
b621b000    L
bfeddda4    S
bfeddda4    L
bfedddc4    L
b621b04c    L
bfeddda4    L
b621b03c    L
bfeddda4    S
bfedddf0    L
b7f90f0c    L
bfedddc4    L
bfeddd98    S
bfeddd94    S
b7f91004    L
bfeddd90    S
bfeddd8c    S
bfeddd88    S
bfeddd88    L
bfeddd88    L
bfeddd98    L
bfeddd84    S
bfeddd88    S
bfeddd80    S
b7f91000    L
bfeddd7c    S
bfeddd70    S
bfeddd84    L
bfeddd54    S
bfeddd54    L
bfeddd54    L
bfeddd74    S
bfeddd78    S
bfeddd88    L
b7f9168c    L
b7f91688    L
b7f91688    S
b7f9168c    L
b7f91688    L
bfeddd74    L
bfeddd78    L
b7f91690    S
b7f91688    S
bfeddd70    L
bfeddd7c    L
bfeddd80    L
bfeddd8c    L
bfeddd90    L
bfeddd94    L
b7f90f0c    L
b621b3dc    S
bfedddc4    L
bfedddbc    L
bfeddd98    S
bfeddda0    S
bfeddd9c    S
bfeddd94    S
bfeddd90    S
bfeddd8c    S
bfeddd98    L
bfeddd9c    L
bfeddda0    L
bfedde00    L
b621b404    S
b621b404    L
b621b420    L
bfedde00    L
bfedde04    L
b621b404    S
b621b408    S
bfedde08    L
bfedde0c    L
b621b40c    S
b621b410    S
bfedde10    L
bfedde14    L
b621b414    S
b621b418    S
bfedde18    L
bfedde1c    L
b621b41c    S
b621b420    S
bfedde20    L
bfedde24    L
b621b424    S
b621b428    S
bfeddd8c    L
bfeddd90    L
bfeddd94    L
b621b42d    S
bfedddc4    L
b621b3e0    S
b7f91640    L
b7f91640    S
bfedddbc    L
b7f90f0c    L
bfedde00    L
b621b3e4    S
b621b3e8    S
b621b3ec    S
b621b3f0    S
b621b3f4    S
b621b3f8    S
b621b3fc    S
b621b400    S
bfedddec    L
b621b3d4    S
bfedddf0    L
b621b3d8    S
b7f91310    L
b621b3d0    S
bfedddc0    L
bfedddb4    L
b7f91310    S
b621b3c0    S
bfedddc0    S
bfedddb0    L
bfeddda8    L
bfeddd9c    S
bfeddd98    S
bfeddd94    S
bfeddd90    S
bfeddd8c    S
bfeddd88    S
bfeddd84    S
bfeddd9c    L
bfeddd70    S
bfeddd70    L
bfeddd70    L
b7f8e007    L
bfeddd98    L
bfedddd0    L
bfedde29    L
b7f8e007    L
b7f8e008    L
b7f8e008    L
b7f8e009    L
bfedde2a    L
b7f8e007    L
b7f8e008    L
b7f8e008    L
b7f8e009    L
bfedde2b    L
b7f8e007    L
b7f8e008    L
b7f8e008    L
b7f8e009    L
bfedde2c    L
b7f8e007    L
b7f8e008    L
b7f8e008    L
b7f8e009    L
bfedde2d    L
b7f8e007    L
b7f8e008    L
b7f8e008    L
b7f8e009    L
bfedde2e    L
b7f8e007    L
b7f8e008    L
b7f8e008    L
b7f8e009    L
bfedde2f    L
b7f8e007    L
b7f8e008    L
b7f8e008    L
b7f8e009    L
bfedde30    L
b7f8e007    L
b7f8e008    L
b7f8e008    L
b7f8e009    L
bfedde31    L
b7f8e007    L
b7f8e008    L
b7f8e008    L
b7f8e009    L
bfedde32    L
b7f8e007    L
b7f8e008    L
b7f8e008    L
b7f8e009    L
bfedde33    L
b7f8e007    L
b7f8e008    L
b7f8e008    L
b7f8e009    L
bfedde34    L
b7f8e007    L
b7f8e008    L
b7f8e008    L
b7f8e009    L
bfedde35    L
b7f8e007    L
b7f8e008    L
b7f8e008    L
b7f8e009    L
bfedde36    L
b7f8e007    L
b7f8e008    L
b7f8e008    L
b7f8e009    L
bfedde37    L
b7f8e007    L
b7f8e008    L
b7f8e008    L
b7f8e009    L
bfedde38    L
b7f8e007    L
b7f8e008    L
b7f8e008    L
b7f8e009    L
bfedde39    L
b7f8e007    L
b7f8e008    L
b7f8e008    L
b7f8e009    L
bfedde3a    L
b7f8e007    L
b7f8e008    L
b7f8e008    L
b7f8e009    L
bfedde3b    L
b7f8e007    L
b7f8e008    L
b7f8e008    L
b7f8e009    L
bfedde3c    L
b7f8e007    L
b7f8e008    L
b7f8e008    L
b7f8e009    L
bfedde3d    L
b7f8e007    L
b7f8e008    L
b7f8e008    L
b7f8e009    L
bfedde3e    L
b7f8e007    L
b7f8e008    L
b7f8e008    L
b7f8e009    L
bfedde3f    L
b7f8e007    L
b7f8e008    L
b7f8e008    L
b7f8e009    L
bfedde40    L
b7f8e007    L
b7f8e008    L
b7f8e008    L
b7f8e009    L
bfedde41    L
b7f8e007    L
b7f8e008    L
b7f8e008    L
b7f8e009    L
bfedde42    L
b7f8e007    L
b7f8e008    L
b7f8e008    L
b7f8e009    L
bfedde43    L
b7f8e007    L
b7f8e008    L
b7f8e008    L
b7f8e009    L
bfedde44    L
b7f8e007    L
b7f8e008    L
b7f8e008    L
b7f8e009    L
bfedde45    L
b7f8e007    L
b7f8e008    L
b7f8e008    L
b7f8e009    L
bfedde46    L
b7f8e007    L
b7f8e008    L
b7f8e008    L
b7f8e009    L
bfedde47    L
b7f8e007    L
b7f8e008    L
b7f8e008    L
b7f8e009    L
bfedde48    L
b7f8e007    L
b7f8e008    L
b7f8e008    L
b7f8e009    L
bfedde49    L
bfeddd98    L
bfedddd0    S
bfeddd84    L
bfeddd88    L
bfeddd8c    L
bfeddd90    L
bfeddd94    L
bfedddbc    S
bfedddbc    L
bfeddd98    S
bfeddd94    S
bfeddd98    L
bfedde29    L
bfedde2a    L
bfedde2b    L
bfedde2c    L
bfedde30    L
bfedde34    L
bfedde38    L
bfedde3c    L
bfedde40    L
bfedde44    L
bfedde48    L
bfeddd98    L
bfeddd94    L
bfedddc4    S
bfedddc4    L
bfedddbc    L
bfedddc4    L
bfedde48    L
bfedddc4    L
bfedddbc    L
bfedde49    S
bfeddde8    L
bfedddc4    S
b7f91310    L
bfeddda4    S
bfeddda4    L
bfedddc4    L
b621b3e0    L
bfeddda4    L
b621b3d0    L
bfeddda4    S
bfeddda4    L
bfedddc4    L
b621b010    L
bfeddda4    L
b621b000    L
bfeddda4    S
bfeddda4    L
bfedddc4    L
b621b04c    L
bfeddda4    L
b621b03c    L
bfeddda4    S
bfedddf0    L
b7f90f0c    L
bfedddc4    L
bfeddd98    S
bfeddd94    S
b7f91004    L
bfeddd90    S
bfeddd8c    S
bfeddd88    S
bfeddd88    L
bfeddd88    L
bfeddd98    L
bfeddd84    S
bfeddd88    S
bfeddd80    S
b7f91000    L
bfeddd7c    S
bfeddd70    S
bfeddd84    L
bfeddd54    S
bfeddd54    L
bfeddd54    L
bfeddd74    S
bfeddd78    S
bfeddd88    L
b7f9168c    L
b7f91688    L
b7f91688    S
b7f9168c    L
b7f91688    L
bfeddd74    L
bfeddd78    L
b7f91690    S
b7f91688    S
bfeddd70    L
bfeddd7c    L
bfeddd80    L
bfeddd8c    L
bfeddd90    L
bfeddd94    L
b7f90f0c    L
b621b43c    S
bfedddc4    L
bfedddbc    L
bfeddd98    S
bfeddda0    S
bfeddd9c    S
bfeddd94    S
bfeddd90    S
bfeddd8c    S
bfeddd98    L
bfeddd9c    L
bfeddda0    L
bfedde29    L
b621b464    S
b621b464    L
b621b480    L
bfedde29    L
bfedde2d    L
b621b464    S
b621b468    S
bfedde31    L
bfedde35    L
b621b46c    S
b621b470    S
bfedde39    L
bfedde3d    L
b621b474    S
b621b478    S
bfedde41    L
bfedde45    L
b621b47c    S
b621b480    S
bfedde49    L
b621b484    S
bfeddd8c    L
bfeddd90    L
bfeddd94    L
b621b485    S
bfedddc4    L
b621b440    S
b7f91640    L
bfedddbc    L
b7f90f0c    L
bfedde29    L
b621b444    S
b621b448    S
b621b44c    S
b621b450    S
b621b454    S
b621b458    S
b621b45c    S
b621b460    S
bfedddec    L
b621b434    S
bfedddf0    L
b621b438    S
b7f91310    L
b621b430    S
bfedddc0    L
bfedddb4    L
b7f91310    S
b621b3c4    S
bfedddc0    S
bfedddb0    L
bfeddda8    L
bfeddd9c    S
bfeddd98    S
bfeddd94    S
bfeddd90    S
bfeddd8c    S
bfeddd88    S
bfeddd84    S
bfeddd9c    L
bfeddd70    S
bfeddd70    L
bfeddd70    L
b7f8e007    L
bfeddd98    L
bfedddd0    L
bfeddd84    L
bfeddd88    L
bfeddd8c    L
bfeddd90    L
bfeddd94    L
bfedddbc    S
bfedddc0    L
bfedddb4    L
b621b3c8    S
bfedddb4    L
bfedddd4    L
bfedddd8    L
bfeddddc    L
bfeddde0    L
bfeddde4    L
b7f90f00    L
b621b3c0    L
b7f90f04    S
b7f91310    L
b7f90e64    S
bfedde68    L
bfedde6c    L
bfedde70    L
bfedde74    L
bfedde78    L
b7f91318    L
bfedde78    S
bfedde74    S
bfedde70    S
bfedde6c    S
bfedde68    S
bfedde68    L
bfedde68    L
b7f90fdc    L
b7f916b8    L
b7f916b0    S
b7f916c0    S
b7f91020    L
b7f916b4    S
b7f916b8    S
bfedde6c    L
bfedde70    L
bfedde74    L
bfedde78    L
bfeddf2c    S
b7f916bc    S
b7f9131c    L
b7f91334    L
b7f91624    L
b7f9131c    S
b7f91494    L
b7f91494    S
bfeddf18    L
bfeddee8    S
b7f916d4    S
b7f91024    L
b7f91024    S
b7f912f8    L
b7f912f8    S
b7f912fc    L
b7f912fc    S
b7f90e50    L
b7f91328    S
b7f916c8    L
b7f90e50    S
b7f914b4    L
b7f7601c    L
b7f91464    S
b7f7602c    L
b7f9146c    S
b7f7602c    L
b7f760d4    L
b7f760dc    L
b7f9154c    S
b7f760e8    L
b7f91550    S
b7f91538    L
b7f91620    L
bfeddf24    S
bfeddf18    L
b7f9173c    L
bfeddf2c    L
81a5180    S
b7f9138c    L
bfeddf2c    L
b7f916bc    S
bfedde78    S
bfedde74    S
bfedde74    L
bfedde78    L
b7f90e98    L
bfeddf28    L
b7f919a4    L
b7f90ee4    L
bfeddf30    S
bfedde80    S
bfedde7c    S
bfedde78    S
bfedde80    L
bfedde7c    L
bfedde74    S
bfedde74    L
bfedde74    L
b7f916ac    S
bfedde78    L
bfeddf18    L
b7f91774    L
bfeddf28    L
b7f919a4    L
bfeddf30    L
bfede1b8    L
bfedde80    S
bfedde7c    S
bfeddf18    L
bfedde78    S
bfedde74    S
bfedde70    S
bfedde6c    S
bfedde68    S
bfeddde4    S
bfeddde0    S
bfeddddc    S
bfedde40    S
bfedddb0    S
bfeddde4    L
bfeddd90    S
bfeddd90    L
bfeddd90    L
bfedddb4    S
bfedddb8    S
bfeddde4    L
b7f91844    L
b7f91844    S
bfedde28    S
bfedde00    S
bfedddb8    S
b7f916ac    L
bfeddddc    L
bfedde60    S
b7f916ac    S
bfedde08    S
bfedddfc    S
bfedddd4    S
bfedddd0    S
bfedddcc    S
bfedddfc    L
bfedddfc    L
bfedddb4    L
bfedde10    S
bfedddb0    S
b7f91820    L
b7f918a8    L
bfeddde4    L
bfedde14    S
bfedde10    L
b7f916ec    L
bfedde10    L
bfedde7c    L
bfedde80    L
b7f916fc    L
81a5160    L
bfedde44    S
bfedde48    S
bfedde4c    S
bfedde1c    S
bfedde50    S
b7f916d0    L
81a5134    L
bfedde30    S
bfedddfc    L
bfedde18    S
bfedde20    S
bfedde30    L
bfedde1c    L
81a5138    L
bfeddd98    S
bfeddd94    S
bfeddd90    S
bfeddd8c    S
bfeddd88    S
bfeddd84    S
bfeddd80    S
bfeddd94    L
bfeddd98    L
8048745    L
8048746    L
8048747    L
8048748    L
804874c    L
bfeddd80    L
bfeddd84    L
bfeddd88    L
bfeddd8c    L
bfeddd90    L
bfedddd4    L
bfeddd98    S
bfedde54    S
bfedddd0    L
bfeddd94    S
bfedddcc    L
bfeddd90    S
bfeddd8c    S
bfeddd88    S
bfeddd84    S
bfeddd80    S
bfeddd80    L
bfeddd80    L
bfeddccc    S
bfeddcc8    S
bfeddcc4    S
bfeddcdc    S
b7f91314    L
bfeddcb0    S
bfeddcac    S
bfeddcac    L
bfeddcac    L
bfeddcac    S
bfeddcac    L
bfeddcb0    L
bfeddcd0    S
b7f91610    L
bfeddcb8    S
bfeddd80    S
bfeddcb4    S
bfeddcb0    S
bfeddcb4    L
bfeddce4    S
bfeddce8    S
bfeddcec    S
bfeddcf4    S
bfeddcb0    L
bfeddcf8    S
bfeddcf0    S
bfeddcb0    L
bfeddcd0    L
b7f91610    S
bfeddd98    L
bfeddcb4    S
bfeddd94    L
bfeddcb0    S
bfeddcac    S
bfeddca8    S
bfeddca4    S
bfeddcb4    L
bfedde44    L
b7f916e0    L
bfeddc9c    S
bfedde4c    L
bfedde48    L
bfeddca0    S
b7f91844    L
bfedde54    L
bfeddc8c    S
bfeddc90    S
bfeddc98    S
bfeddc9c    L
bfeddc94    S
bfeddca0    L
bfeddc88    S
bfeddc98    L
bfeddc84    S
bfeddc80    S
bfeddc7c    S
bfeddc78    S
bfeddc74    S
bfeddc94    L
bfedd9f8    S
bfedd9f8    L
bfedd9f8    L
bfedda2c    S
bfedda14    S
bfedda28    S
bfeddc94    L
bfedda1c    S
bfedda1c    L
bfeddc94    L
b7f91020    L
b7f91845    L
bfedda14    L
bfedd9f8    S
bfedd9f4    S
bfedd9f0    S
bfedd9ec    S
bfedd9e8    S
bfedd9e4    S
bfedd9e4    L
bfedd9e4    L
b7f916cc    L
bfedd9e0    S
bfedd9e4    S
bfedd9dc    S
bfedd9d8    S
bfedd9d4    S
bfedd9d0    S
bfedd9e4    L
bfedd9e0    L
bfedd9cc    S
8048745    L
bfedd9cc    L
b7f8dc53    L
bfedd9cc    S
bfedd9d0    L
bfedd9d4    L
bfedd9d8    L
bfedd9dc    L
b7f916e4    L
b7f91984    L
bfedd9e0    S
bfedd9e4    S
bfedd9dc    S
bfedd9d8    S
bfedd9d4    S
bfedd9d0    S
bfedd9e4    L
bfedd9e0    L
bfedd9cc    S
8048745    L
bfedd9cc    L
b7f91990    L
bfedd9cc    S
bfedd9d0    L
bfedd9d4    L
bfedd9d8    L
bfedd9dc    L
b7f91988    L
bfedd9e8    L
bfedd9ec    L
bfedd9f0    L
bfedd9f4    L
bfedd9f8    L
b7f91845    L
b7f91720    L
b7f916d4    L
b7f91495    L
bfedda14    L
bfedd9f8    S
bfedd9f4    S
bfedd9f0    S
bfedd9ec    S
bfedd9e8    S
bfedd9e4    S
bfedd9e4    L
bfedd9e4    L
b7f9131c    L
bfedd9e0    S
bfedd9e4    S
bfedd9dc    S
bfedd9d8    S
bfedd9d4    S
bfedd9d0    S
bfedd9e4    L
bfedd9e0    L
bfedd9cc    S
8048745    L
bfedd9cc    L
8048134    L
bfedd9cc    S
bfedd9d0    L
bfedd9d4    L
bfedd9d8    L
bfedd9dc    L
b7f91334    L
b7f91624    L
bfedd9e0    S
bfedd9e4    S
bfedd9dc    S
bfedd9d8    S
bfedd9d4    S
bfedd9d0    S
bfedd9e4    L
bfedd9e0    L
bfedd9cc    S
8048745    L
bfedd9cc    L
8048134    L
bfedd9cc    S
bfedd9d0    L
bfedd9d4    L
bfedd9d8    L
bfedd9dc    L
b7f91628    L
b7f91614    L
bfedd9e0    S
bfedd9e4    S
bfedd9dc    S
bfedd9d8    S
bfedd9d4    S
bfedd9d0    S
bfedd9e4    L
bfedd9e0    L
bfedd9cc    S
8048745    L
bfedd9cc    L
b7f765d8    L
bfedd9cc    S
8048746    L
bfedd9cc    L
b7f765d9    L
bfedd9cc    S
bfedd9d0    L
bfedd9d4    L
bfedd9d8    L
bfedd9dc    L
b7f91618    L
bfedd9e8    L
bfedd9ec    L
bfedd9f0    L
bfedd9f4    L
bfedd9f8    L
b7f91495    L
b7f91370    L
b7f9134c    L
b7f90f2c    L
bfedda44    S
b7f90f3c    L
bfedda44    S
bfedda00    S
bfedda14    L
bfedd9fc    S
bfedd9f8    S
bfedd9f4    S
bfedd9f0    S
bfedd9ec    S
bfedda00    L
bfedd9fc    L
bfedd9e8    S
8048745    L
bfedd9e8    L
b7f765d8    L
bfedd9e8    S
8048746    L
bfedd9e8    L
b7f765d9    L
bfedd9e8    S
bfedd9ec    L
bfedd9f0    L
bfedd9f4    L
bfedd9f8    L
b7f91324    L
b7f91b15    L
bfedda14    L
bfedd9f8    S
bfedd9f4    S
bfedd9f0    S
bfedd9ec    S
bfedd9e8    S
bfedd9e4    S
bfedd9e4    L
bfedd9e4    L
b7f9199c    L
bfedd9e0    S
bfedd9e4    S
bfedd9dc    S
bfedd9d8    S
bfedd9d4    S
bfedd9d0    S
bfedd9e4    L
bfedd9e0    L
bfedd9cc    S
8048745    L
bfedd9cc    L
b7f8dc53    L
bfedd9cc    S
bfedd9d0    L
bfedd9d4    L
bfedd9d8    L
bfedd9dc    L
b7f919b4    L
b7f91bd4    L
bfedd9e0    S
bfedd9e4    S
bfedd9dc    S
bfedd9d8    S
bfedd9d4    S
bfedd9d0    S
bfedd9e4    L
bfedd9e0    L
bfedd9cc    S
8048745    L
bfedd9cc    L
b7f91be8    L
bfedd9cc    S
8048746    L
bfedd9cc    L
b7f91be9    L
bfedd9cc    S
8048747    L
bfedd9cc    L
b7f91bea    L
bfedd9cc    S
bfedd9d0    L
bfedd9d4    L
bfedd9d8    L
bfedd9dc    L
b7f91bd8    L
bfedd9e8    L
bfedd9ec    L
bfedd9f0    L
bfedd9f4    L
bfedd9f8    L
b7f91b15    L
b7f919f0    L
b7f919cc    L
ffffe5ac    L
bfedda44    S
ffffe5bc    L
bfedda44    S
bfedda00    S
bfedda14    L
bfedd9fc    S
bfedd9f8    S
bfedd9f4    S
bfedd9f0    S
bfedd9ec    S
bfedda00    L
bfedd9fc    L
bfedd9e8    S
8048745    L
bfedd9e8    L
ffffe1b8    L
bfedd9e8    S
8048746    L
bfedd9e8    L
ffffe1b9    L
bfedd9e8    S
8048747    L
bfedd9e8    L
ffffe1ba    L
bfedd9e8    S
bfedd9ec    L
bfedd9f0    L
bfedd9f4    L
bfedd9f8    L
b7f919a4    L
bfedda2c    L
bfedda37    S
b7f90ce0    L
b7f90e98    L
bfeddc73    S
bfedda00    S
bfedda14    L
bfedd9fc    S
bfedd9f8    S
bfedd9f4    S
bfedd9f0    S
bfedd9ec    S
bfedd9e8    S
bfedd9fc    L
bfedda00    L
8048745    L
8048746    L
8048747    L
8048748    L
804874c    L
bfedd9e8    L
bfedd9ec    L
bfedd9f0    L
bfedd9f4    L
bfedd9f8    L
bfedda14    L
bfedd9fc    S
bfedd9f8    S
bfedd9fc    L
8048745    L
8048746    L
8048747    L
8048748    L
804874c    L
bfedd9fc    L
bfedd9f8    L
b7f90ce0    L
bfedda4c    S
bfedda2c    L
bfedda2c    L
b7f9175c    L
bfedda37    L
bfedda3c    S
bfedda20    S
bfedda20    L
bfedda5c    S
bfedd9fc    S
bfedd9f8    S
bfedd9f4    S
bfedd9ec    S
bfedd9f0    S
b7f91850    L
bfedd9ec    L
bfedd9f0    L
bfedd9f4    L
bfedd9f8    L
bfedda3c    L
b7f91830    L
b7f91020    L
b7f91844    L
bfedda2c    L
b7f90f00    L
bfedda3c    S
bfedda37    L
bfedda2c    L
bfedda10    S
bfedda04    S
bfedda00    S
bfedda0c    S
bfedda08    S
bfedd9fc    S
bfedda28    L
bfedda4c    L
bfedda14    L
bfedd9f8    S
bfedd9f4    S
bfedd9f0    S
bfedd9ec    S
bfedd9e8    S
bfedd96c    S
bfedd9fc    L
bfedd968    S
bfedd964    S
bfedd94c    S
bfedd94c    L
bfedd94c    L
b7f90f00    L
bfedd970    S
b7f90f10    L
b7f91640    L
bfedd974    S
bfedd978    S
bfedd960    S
bfedd970    L
b7f90ce0    L
b621b3c0    L
bfedd97c    S
bfedd97c    L
bfedd960    L
b621b3e0    L
bfedd908    S
b621b3dc    L
bfedd900    S
bfedd904    S
bfedd8fc    S
bfedd8f8    S
bfedd8f4    S
bfedd900    L
bfedd904    L
bfedd908    L
b621b404    L
bfedd910    S
bfedd910    L
bfedd92c    L
b621b404    L
b621b408    L
bfedd910    S
bfedd914    S
b621b40c    L
b621b410    L
bfedd918    S
bfedd91c    S
b621b414    L
b621b418    L
bfedd920    S
bfedd924    S
b621b41c    L
b621b420    L
bfedd928    S
bfedd92c    S
b621b424    L
b621b428    L
bfedd930    S
bfedd934    S
bfedd8f4    L
bfedd8f8    L
bfedd8fc    L
bfedd980    S
bfedd984    S
bfedd95c    S
bfedd980    L
b7f90f0c    L
bfedd980    L
bfedd97c    L
b621b3e4    L
bfedd95c    L
b7f90f08    L
b7f91bfc    L
bfedd908    S
b7f91bf8    L
bfedd900    S
bfedd904    S
bfedd8fc    S
bfedd8f8    S
bfedd8f4    S
bfedd900    L
bfedd904    L
bfedd908    L
b7f91c38    L
b7f91c3c    L
b7f91c40    L
b7f91c44    L
bfedd939    S
bfedd93c    S
bfedd940    S
bfedd944    S
bfedd948    S
bfedd8f4    L
bfedd8f8    L
bfedd8fc    L
bfedd968    L
bfedd96c    L
bfedd908    S
bfedd904    S
bfedd900    S
bfedd8fc    S
bfedd8f8    S
bfedd8f4    S
bfedd900    L
bfedd904    L
bfedd908    L
8048745    L
8048748    L
804874c    L
8048750    L
bfedd947    S
bfedd948    S
bfedd94c    S
bfedd950    S
bfedd8f4    L
bfedd8f8    L
bfedd8fc    L
bfedd960    L
b7f90ce0    L
bfedda10    L
bfedda0c    L
bfedd960    L
bfedd908    S
bfedd904    S
bfedda04    L
bfedd900    S
bfedda08    L
bfedd8fc    S
bfedd8f8    S
bfedd8f4    S
bfedd8f0    S
bfedd8ec    S
bfedd8e8    S
bfedd8e8    L
bfedd8e8    L
bfedd900    L
bfedd8ac    S
bfedd908    L
bfedd8a8    S
bfedd8a7    S
b7f90e98    L
bfedd8ac    L
bfedd884    S
bfedd880    S
bfedd87c    S
bfedd878    S
bfedd888    L
bfedd884    L
bfedd880    L
bfedd878    L
bfedd878    S
bfedd878    L
bfedd878    L
b7f916ac    S
bfedd87c    L
bfedd8bc    S
bfedd8bc    L
bfedd8ec    L
bfedd8f0    L
bfedd8f4    L
bfedd8f8    L
bfedd8fc    L
bfedd980    L
bfedd97c    L
b621b3e4    L
bfedda08    L
bfedda08    L
b7f916e0    L
b7f91020    L
bfedd980    L
bfedd97c    L
b621b3e4    L
bfedd984    L
bfedd984    S
bfedd980    L
bfedd980    S
bfedd980    L
b7f90f0c    L
bfedd980    L
bfedd97c    L
b621b3e8    L
bfedd95c    L
b7f90f08    L
b7f91c04    L
bfedd908    S
b7f91c00    L
bfedd900    S
bfedd904    S
bfedd8fc    S
bfedd8f8    S
bfedd8f4    S
bfedd900    L
bfedd904    L
bfedd908    L
b7f91c38    L
b7f91c3c    L
bfedd939    S
bfedd93c    S
bfedd8f4    L
bfedd8f8    L
bfedd8fc    L
bfedd968    L
bfedd96c    L
bfedd908    S
bfedd904    S
bfedd900    S
bfedd8fc    S
bfedd8f8    S
bfedd8f4    S
bfedd900    L
bfedd904    L
bfedd908    L
8048745    L
8048748    L
804874c    L
8048750    L
bfedd942    S
bfedd944    S
bfedd948    S
bfedd94c    S
bfedd8f4    L
bfedd8f8    L
bfedd8fc    L
bfedd960    L
b7f90ce0    L
bfedda10    L
bfedda0c    L
bfedd960    L
bfedd908    S
bfedd904    S
bfedda04    L
bfedd900    S
bfedda08    L
bfedd8fc    S
bfedd8f8    S
bfedd8f4    S
bfedd8f0    S
bfedd8ec    S
bfedd8e8    S
bfedd8e8    L
bfedd8e8    L
bfedd900    L
bfedd8ac    S
bfedd908    L
bfedd8a8    S
bfedd8a7    S
b7f90e98    L
bfedd8ac    L
bfedd884    S
bfedd880    S
bfedd87c    S
bfedd878    S
bfedd888    L
bfedd884    L
bfedd880    L
bfedd878    L
bfedd878    S
bfedd878    L
bfedd878    L
b7f916ac    S
bfedd87c    L
bfedd8bc    S
bfedd8bc    L
bfedd8ec    L
bfedd8f0    L
bfedd8f4    L
bfedd8f8    L
bfedd8fc    L
bfedd980    L
bfedd97c    L
b621b3e8    L
bfedda08    L
bfedda08    L
b7f916e0    L
b7f91020    L
bfedd980    L
bfedd97c    L
b621b3e8    L
bfedd984    L
bfedd984    S
bfedd980    L
bfedd980    S
bfedd980    L
b7f90f0c    L
bfedd980    L
bfedd97c    L
b621b3ec    L
bfedd95c    L
b7f90f08    L
b7f91c0c    L
bfedd908    S
b7f91c08    L
bfedd900    S
bfedd904    S
bfedd8fc    S
bfedd8f8    S
bfedd8f4    S
bfedd900    L
bfedd904    L
bfedd908    L
b7f91c46    L
b7f91c48    L
bfedd939    S
bfedd93c    S
bfedd8f4    L
bfedd8f8    L
bfedd8fc    L
bfedd968    L
bfedd96c    L
bfedd908    S
bfedd904    S
bfedd900    S
bfedd8fc    S
bfedd8f8    S
bfedd8f4    S
bfedd900    L
bfedd904    L
bfedd908    L
8048745    L
8048748    L
804874c    L
8048750    L
bfedd942    S
bfedd944    S
bfedd948    S
bfedd94c    S
bfedd8f4    L
bfedd8f8    L
bfedd8fc    L
bfedd960    L
b7f90ce0    L
bfedda10    L
bfedda0c    L
bfedd960    L
bfedd908    S
bfedd904    S
bfedda04    L
bfedd900    S
bfedda08    L
bfedd8fc    S
bfedd8f8    S
bfedd8f4    S
bfedd8f0    S
bfedd8ec    S
bfedd8e8    S
bfedd8e8    L
bfedd8e8    L
bfedd900    L
bfedd8ac    S
bfedd908    L
bfedd8a8    S
bfedd8a7    S
b7f90e98    L
bfedd8ac    L
bfedd884    S
bfedd880    S
bfedd87c    S
bfedd878    S
bfedd888    L
bfedd884    L
bfedd880    L
bfedd878    L
bfedd878    S
bfedd878    L
bfedd878    L
b7f916ac    S
bfedd87c    L
bfedd8bc    S
bfedd8bc    L
bfedd8ec    L
bfedd8f0    L
bfedd8f4    L
bfedd8f8    L
bfedd8fc    L
bfedd980    L
bfedd97c    L
b621b3ec    L
bfedda08    L
bfedda08    L
b7f916e0    L
b7f91020    L
bfedd980    L
bfedd97c    L
b621b3ec    L
bfedd984    L
bfedd984    S
bfedd980    L
bfedd980    S
bfedd980    L
b7f90f0c    L
bfedd980    L
bfedd97c    L
b621b3f0    L
bfedd95c    L
b7f90f08    L
b7f91c14    L
bfedd908    S
b7f91c10    L
bfedd900    S
bfedd904    S
bfedd8fc    S
bfedd8f8    S
bfedd8f4    S
bfedd900    L
bfedd904    L
bfedd908    L
b7f91c46    L
bfedd939    S
bfedd8f4    L
bfedd8f8    L
bfedd8fc    L
bfedd968    L
bfedd96c    L
bfedd908    S
bfedd904    S
bfedd900    S
bfedd8fc    S
bfedd8f8    S
bfedd8f4    S
bfedd900    L
bfedd904    L
bfedd908    L
8048745    L
8048748    L
804874c    L
8048750    L
bfedd93d    S
bfedd940    S
bfedd944    S
bfedd948    S
bfedd8f4    L
bfedd8f8    L
bfedd8fc    L
bfedd960    L
b7f90ce0    L
bfedda10    L
bfedda0c    L
bfedd960    L
bfedd908    S
bfedd904    S
bfedda04    L
bfedd900    S
bfedda08    L
bfedd8fc    S
bfedd8f8    S
bfedd8f4    S
bfedd8f0    S
bfedd8ec    S
bfedd8e8    S
bfedd8e8    L
bfedd8e8    L
bfedd900    L
bfedd8ac    S
bfedd908    L
bfedd8a8    S
bfedd8a7    S
b7f90e98    L
bfedd8ac    L
bfedd884    S
bfedd880    S
bfedd87c    S
bfedd878    S
bfedd888    L
bfedd884    L
bfedd880    L
bfedd878    L
bfedd878    S
bfedd878    L
bfedd878    L
b7f916ac    S
bfedd87c    L
bfedd8bc    S
bfedd8bc    L
bfedd8ec    L
bfedd8f0    L
bfedd8f4    L
bfedd8f8    L
bfedd8fc    L
bfedd980    L
bfedd97c    L
b621b3f0    L
bfedda08    L
bfedda08    L
b7f916e0    L
b7f91020    L
bfedd980    L
bfedd97c    L
b621b3f0    L
bfedd984    L
bfedd984    S
bfedd980    L
bfedd980    S
bfedd980    L
b7f90f0c    L
bfedd980    L
bfedd97c    L
b621b3f4    L
bfedd95c    L
b7f90f08    L
b7f91c1c    L
bfedd908    S
b7f91c18    L
bfedd900    S
bfedd904    S
bfedd8fc    S
bfedd8f8    S
bfedd8f4    S
bfedd900    L
bfedd904    L
bfedd908    L
b7f91c3c    L
b7f91c40    L
b7f91c44    L
bfedd939    S
bfedd93c    S
bfedd940    S
bfedd944    S
bfedd8f4    L
bfedd8f8    L
bfedd8fc    L
bfedd968    L
bfedd96c    L
bfedd908    S
bfedd904    S
bfedd900    S
bfedd8fc    S
bfedd8f8    S
bfedd8f4    S
bfedd900    L
bfedd904    L
bfedd908    L
8048745    L
8048748    L
804874c    L
8048750    L
bfedd943    S
bfedd944    S
bfedd948    S
bfedd94c    S
bfedd8f4    L
bfedd8f8    L
bfedd8fc    L
bfedd960    L
b7f90ce0    L
bfedda10    L
bfedda0c    L
bfedd960    L
bfedd908    S
bfedd904    S
bfedda04    L
bfedd900    S
bfedda08    L
bfedd8fc    S
bfedd8f8    S
bfedd8f4    S
bfedd8f0    S
bfedd8ec    S
bfedd8e8    S
bfedd8e8    L
bfedd8e8    L
bfedd900    L
bfedd8ac    S
bfedd908    L
bfedd8a8    S
bfedd8a7    S
b7f90e98    L
bfedd8ac    L
bfedd884    S
bfedd880    S
bfedd87c    S
bfedd878    S
bfedd888    L
bfedd884    L
bfedd880    L
bfedd878    L
bfedd878    S
bfedd878    L
bfedd878    L
b7f916ac    S
bfedd87c    L
bfedd8bc    S
bfedd8bc    L
bfedd8ec    L
bfedd8f0    L
bfedd8f4    L
bfedd8f8    L
bfedd8fc    L
bfedd980    L
bfedd97c    L
b621b3f4    L
bfedda08    L
bfedda08    L
b7f916e0    L
b7f91020    L
bfedd980    L
bfedd97c    L
b621b3f4    L
bfedd984    L
bfedd984    S
bfedd980    L
bfedd980    S
bfedd980    L
b7f90f0c    L
bfedd980    L
bfedd97c    L
b621b3f8    L
bfedd95c    L
b7f90f08    L
b7f91c24    L
bfedd908    S
b7f91c20    L
bfedd900    S
bfedd904    S
bfedd8fc    S
bfedd8f8    S
bfedd8f4    S
bfedd900    L
bfedd904    L
bfedd908    L
b7f91c3c    L
bfedd939    S
bfedd8f4    L
bfedd8f8    L
bfedd8fc    L
bfedd968    L
bfedd96c    L
bfedd908    S
bfedd904    S
bfedd900    S
bfedd8fc    S
bfedd8f8    S
bfedd8f4    S
bfedd900    L
bfedd904    L
bfedd908    L
8048745    L
8048748    L
804874c    L
8048750    L
bfedd93e    S
bfedd940    S
bfedd944    S
bfedd948    S
bfedd8f4    L
bfedd8f8    L
bfedd8fc    L
bfedd960    L
b7f90ce0    L
bfedda10    L
bfedda0c    L
bfedd960    L
bfedd908    S
bfedd904    S
bfedda04    L
bfedd900    S
bfedda08    L
bfedd8fc    S
bfedd8f8    S
bfedd8f4    S
bfedd8f0    S
bfedd8ec    S
bfedd8e8    S
bfedd8e8    L
bfedd8e8    L
bfedd900    L
bfedd8ac    S
bfedd908    L
bfedd8a8    S
bfedd8a7    S
b7f90e98    L
bfedd8ac    L
bfedd884    S
bfedd880    S
bfedd87c    S
bfedd878    S
bfedd888    L
bfedd884    L
bfedd880    L
bfedd878    L
bfedd878    S
bfedd878    L
bfedd878    L
b7f916ac    S
bfedd87c    L
bfedd8bc    S
bfedd8bc    L
bfedd8ec    L
bfedd8f0    L
bfedd8f4    L
bfedd8f8    L
bfedd8fc    L
bfedd980    L
bfedd97c    L
b621b3f8    L
bfedda08    L
bfedda08    L
b7f916e0    L
b7f91020    L
bfedd980    L
bfedd97c    L
b621b3f8    L
bfedd984    L
bfedd984    S
bfedd980    L
bfedd980    S
bfedd980    L
b7f90f0c    L
bfedd980    L
bfedd97c    L
b621b3fc    L
bfedd95c    L
b7f90f08    L
b7f91c2c    L
bfedd908    S
b7f91c28    L
bfedd900    S
bfedd904    S
bfedd8fc    S
bfedd8f8    S
bfedd8f4    S
bfedd900    L
bfedd904    L
bfedd908    L
b7f91c4a    L
bfedd939    S
bfedd8f4    L
bfedd8f8    L
bfedd8fc    L
bfedd968    L
bfedd96c    L
bfedd908    S
bfedd904    S
bfedd900    S
bfedd8fc    S
bfedd8f8    S
bfedd8f4    S
bfedd900    L
bfedd904    L
bfedd908    L
8048745    L
8048748    L
804874c    L
8048750    L
bfedd93e    S
bfedd940    S
bfedd944    S
bfedd948    S
bfedd8f4    L
bfedd8f8    L
bfedd8fc    L
bfedd960    L
b7f90ce0    L
bfedda10    L
bfedda0c    L
bfedd960    L
bfedd908    S
bfedd904    S
bfedda04    L
bfedd900    S
bfedda08    L
bfedd8fc    S
bfedd8f8    S
bfedd8f4    S
bfedd8f0    S
bfedd8ec    S
bfedd8e8    S
bfedd8e8    L
bfedd8e8    L
bfedd900    L
bfedd8ac    S
bfedd908    L
bfedd8a8    S
bfedd8a7    S
b7f90e98    L
bfedd8ac    L
bfedd884    S
bfedd880    S
bfedd87c    S
bfedd878    S
bfedd888    L
bfedd884    L
bfedd880    L
bfedd878    L
bfedd878    S
bfedd878    L
bfedd878    L
b7f916ac    S
bfedd87c    L
bfedd8bc    S
bfedd8bc    L
bfedd8ec    L
bfedd8f0    L
bfedd8f4    L
bfedd8f8    L
bfedd8fc    L
bfedd980    L
bfedd97c    L
b621b3fc    L
bfedda08    L
bfedda08    L
b7f916e0    L
b7f91020    L
bfedd980    L
bfedd97c    L
b621b3fc    L
bfedd984    L
bfedd984    S
bfedd980    L
bfedd980    S
bfedd980    L
b7f90f0c    L
bfedd980    L
bfedd97c    L
b621b400    L
bfedd95c    L
b7f90f08    L
b7f91c34    L
bfedd908    S
b7f91c30    L
bfedd900    S
bfedd904    S
bfedd8fc    S
bfedd8f8    S
bfedd8f4    S
bfedd900    L
bfedd904    L
bfedd908    L
b7f91c4a    L
bfedd939    S
bfedd8f4    L
bfedd8f8    L
bfedd8fc    L
bfedd968    L
bfedd96c    L
bfedd908    S
bfedd904    S
bfedd900    S
bfedd8fc    S
bfedd8f8    S
bfedd8f4    S
bfedd900    L
bfedd904    L
bfedd908    L
8048745    L
8048748    L
804874c    L
8048750    L
bfedd939    S
bfedd93c    S